{"/home/travis/build/npmtest/node-npmtest-dispatchr/test.js":{"path":"/home/travis/build/npmtest/node-npmtest-dispatchr/test.js","s":{"1":2,"2":2,"3":2,"4":2,"5":2,"6":2,"7":2,"8":1,"9":2,"10":2,"11":1,"12":1,"13":1,"14":1,"15":2,"16":2,"17":2,"18":2,"19":1,"20":1,"21":2,"22":2,"23":2,"24":1,"25":1,"26":1,"27":1,"28":1,"29":1,"30":1,"31":1,"32":1,"33":1,"34":1,"35":1,"36":1,"37":1,"38":1,"39":2,"40":2,"41":1,"42":2,"43":2,"44":1,"45":2,"46":2,"47":1,"48":2,"49":2,"50":1,"51":1,"52":1,"53":1,"54":1},"b":{"1":[2,1,1,1],"2":[1,1,1,1],"3":[1,1],"4":[1,1],"5":[1,1],"6":[1,1],"7":[1,1],"8":[1,1],"9":[1,1],"10":[1,1,1],"11":[1,1],"12":[1,1],"13":[1,1],"14":[1,1],"15":[1,1],"16":[1,1],"17":[1,1]},"f":{"1":2,"2":2,"3":2,"4":2,"5":2,"6":1,"7":1,"8":1,"9":2,"10":2,"11":2,"12":2,"13":1},"fnMap":{"1":{"name":"(anonymous_1)","line":12,"loc":{"start":{"line":12,"column":1},"end":{"line":12,"column":13}}},"2":{"name":"(anonymous_2)","line":19,"loc":{"start":{"line":19,"column":5},"end":{"line":19,"column":17}}},"3":{"name":"(anonymous_3)","line":23,"loc":{"start":{"line":23,"column":24},"end":{"line":23,"column":36}}},"4":{"name":"(anonymous_4)","line":61,"loc":{"start":{"line":61,"column":5},"end":{"line":61,"column":17}}},"5":{"name":"(anonymous_5)","line":82,"loc":{"start":{"line":82,"column":5},"end":{"line":82,"column":17}}},"6":{"name":"(anonymous_6)","line":91,"loc":{"start":{"line":91,"column":77},"end":{"line":94,"column":10}}},"7":{"name":"(anonymous_7)","line":112,"loc":{"start":{"line":112,"column":83},"end":{"line":115,"column":10}},"skip":true},"8":{"name":"(anonymous_8)","line":123,"loc":{"start":{"line":123,"column":77},"end":{"line":126,"column":10}},"skip":true},"9":{"name":"(anonymous_9)","line":139,"loc":{"start":{"line":139,"column":12},"end":{"line":139,"column":40}},"skip":true},"10":{"name":"(anonymous_10)","line":147,"loc":{"start":{"line":147,"column":77},"end":{"line":150,"column":10}},"skip":true},"11":{"name":"(anonymous_11)","line":158,"loc":{"start":{"line":158,"column":83},"end":{"line":161,"column":10}},"skip":true},"12":{"name":"(anonymous_12)","line":169,"loc":{"start":{"line":169,"column":79},"end":{"line":172,"column":10}},"skip":true},"13":{"name":"(anonymous_13)","line":180,"loc":{"start":{"line":180,"column":75},"end":{"line":183,"column":10}},"skip":true}},"statementMap":{"1":{"start":{"line":12,"column":0},"end":{"line":195,"column":5}},"2":{"start":{"line":14,"column":4},"end":{"line":14,"column":14}},"3":{"start":{"line":19,"column":4},"end":{"line":56,"column":9}},"4":{"start":{"line":21,"column":8},"end":{"line":21,"column":19}},"5":{"start":{"line":23,"column":8},"end":{"line":35,"column":13}},"6":{"start":{"line":24,"column":12},"end":{"line":34,"column":13}},"7":{"start":{"line":25,"column":16},"end":{"line":28,"column":30}},"8":{"start":{"line":30,"column":16},"end":{"line":33,"column":27}},"9":{"start":{"line":37,"column":8},"end":{"line":39,"column":21}},"10":{"start":{"line":40,"column":8},"end":{"line":53,"column":9}},"11":{"start":{"line":43,"column":12},"end":{"line":46,"column":14}},"12":{"start":{"line":47,"column":12},"end":{"line":47,"column":18}},"13":{"start":{"line":50,"column":12},"end":{"line":51,"column":33}},"14":{"start":{"line":52,"column":12},"end":{"line":52,"column":18}},"15":{"start":{"line":55,"column":8},"end":{"line":55,"column":35}},"16":{"start":{"line":61,"column":4},"end":{"line":63,"column":9}},"17":{"start":{"line":62,"column":8},"end":{"line":62,"column":15}},"18":{"start":{"line":64,"column":4},"end":{"line":77,"column":5}},"19":{"start":{"line":70,"column":8},"end":{"line":70,"column":14}},"20":{"start":{"line":76,"column":8},"end":{"line":76,"column":14}},"21":{"start":{"line":82,"column":4},"end":{"line":84,"column":9}},"22":{"start":{"line":83,"column":8},"end":{"line":83,"column":15}},"23":{"start":{"line":85,"column":4},"end":{"line":194,"column":5}},"24":{"start":{"line":91,"column":8},"end":{"line":99,"column":10}},"25":{"start":{"line":98,"column":12},"end":{"line":98,"column":35}},"26":{"start":{"line":102,"column":8},"end":{"line":104,"column":63}},"27":{"start":{"line":105,"column":8},"end":{"line":105,"column":14}},"28":{"start":{"line":112,"column":8},"end":{"line":121,"column":10},"skip":true},"29":{"start":{"line":119,"column":12},"end":{"line":119,"column":55},"skip":true},"30":{"start":{"line":120,"column":12},"end":{"line":120,"column":48},"skip":true},"31":{"start":{"line":123,"column":8},"end":{"line":136,"column":10},"skip":true},"32":{"start":{"line":130,"column":12},"end":{"line":130,"column":76},"skip":true},"33":{"start":{"line":131,"column":12},"end":{"line":131,"column":73},"skip":true},"34":{"start":{"line":132,"column":12},"end":{"line":132,"column":74},"skip":true},"35":{"start":{"line":133,"column":12},"end":{"line":133,"column":79},"skip":true},"36":{"start":{"line":134,"column":12},"end":{"line":134,"column":25},"skip":true},"37":{"start":{"line":135,"column":12},"end":{"line":135,"column":45},"skip":true},"38":{"start":{"line":138,"column":8},"end":{"line":145,"column":14},"skip":true},"39":{"start":{"line":143,"column":16},"end":{"line":143,"column":29},"skip":true},"40":{"start":{"line":144,"column":16},"end":{"line":144,"column":55},"skip":true},"41":{"start":{"line":147,"column":8},"end":{"line":156,"column":10},"skip":true},"42":{"start":{"line":154,"column":12},"end":{"line":154,"column":25},"skip":true},"43":{"start":{"line":155,"column":12},"end":{"line":155,"column":45},"skip":true},"44":{"start":{"line":158,"column":8},"end":{"line":167,"column":10},"skip":true},"45":{"start":{"line":165,"column":12},"end":{"line":165,"column":25},"skip":true},"46":{"start":{"line":166,"column":12},"end":{"line":166,"column":48},"skip":true},"47":{"start":{"line":169,"column":8},"end":{"line":178,"column":10},"skip":true},"48":{"start":{"line":176,"column":12},"end":{"line":176,"column":25},"skip":true},"49":{"start":{"line":177,"column":12},"end":{"line":177,"column":46},"skip":true},"50":{"start":{"line":180,"column":8},"end":{"line":189,"column":10},"skip":true},"51":{"start":{"line":187,"column":12},"end":{"line":187,"column":94},"skip":true},"52":{"start":{"line":188,"column":12},"end":{"line":188,"column":48},"skip":true},"53":{"start":{"line":192,"column":8},"end":{"line":192,"column":35},"skip":true},"54":{"start":{"line":193,"column":8},"end":{"line":193,"column":14},"skip":true}},"branchMap":{"1":{"line":25,"type":"binary-expr","locations":[{"start":{"line":25,"column":23},"end":{"line":25,"column":62}},{"start":{"line":26,"column":20},"end":{"line":26,"column":70}},{"start":{"line":27,"column":20},"end":{"line":27,"column":71}},{"start":{"line":28,"column":20},"end":{"line":28,"column":29}}]},"2":{"line":30,"type":"binary-expr","locations":[{"start":{"line":30,"column":23},"end":{"line":30,"column":37}},{"start":{"line":31,"column":20},"end":{"line":31,"column":61}},{"start":{"line":32,"column":20},"end":{"line":32,"column":70}},{"start":{"line":33,"column":20},"end":{"line":33,"column":26}}]},"3":{"line":37,"type":"cond-expr","locations":[{"start":{"line":38,"column":14},"end":{"line":38,"column":20}},{"start":{"line":39,"column":14},"end":{"line":39,"column":20}}]},"4":{"line":40,"type":"switch","locations":[{"start":{"line":42,"column":8},"end":{"line":47,"column":18}},{"start":{"line":49,"column":8},"end":{"line":52,"column":18}}]},"5":{"line":44,"type":"binary-expr","locations":[{"start":{"line":44,"column":16},"end":{"line":44,"column":44}},{"start":{"line":44,"column":48},"end":{"line":44,"column":66}}]},"6":{"line":50,"type":"binary-expr","locations":[{"start":{"line":50,"column":21},"end":{"line":50,"column":49}},{"start":{"line":50,"column":53},"end":{"line":50,"column":72}}]},"7":{"line":64,"type":"switch","locations":[{"start":{"line":69,"column":4},"end":{"line":70,"column":14}},{"start":{"line":75,"column":4},"end":{"line":76,"column":14}}]},"8":{"line":85,"type":"switch","locations":[{"start":{"line":90,"column":4},"end":{"line":105,"column":14}},{"start":{"line":111,"column":4},"end":{"line":193,"column":14},"skip":true}]},"9":{"line":91,"type":"binary-expr","locations":[{"start":{"line":91,"column":42},"end":{"line":91,"column":73}},{"start":{"line":91,"column":77},"end":{"line":99,"column":9}}]},"10":{"line":102,"type":"binary-expr","locations":[{"start":{"line":102,"column":18},"end":{"line":102,"column":32}},{"start":{"line":103,"column":12},"end":{"line":103,"column":53}},{"start":{"line":104,"column":12},"end":{"line":104,"column":61}}]},"11":{"line":112,"type":"binary-expr","locations":[{"start":{"line":112,"column":45},"end":{"line":112,"column":79},"skip":true},{"start":{"line":112,"column":83},"end":{"line":121,"column":9},"skip":true}]},"12":{"line":123,"type":"binary-expr","locations":[{"start":{"line":123,"column":42},"end":{"line":123,"column":73},"skip":true},{"start":{"line":123,"column":77},"end":{"line":136,"column":9},"skip":true}]},"13":{"line":138,"type":"binary-expr","locations":[{"start":{"line":138,"column":48},"end":{"line":138,"column":85},"skip":true},{"start":{"line":139,"column":12},"end":{"line":145,"column":13},"skip":true}]},"14":{"line":147,"type":"binary-expr","locations":[{"start":{"line":147,"column":42},"end":{"line":147,"column":73},"skip":true},{"start":{"line":147,"column":77},"end":{"line":156,"column":9},"skip":true}]},"15":{"line":158,"type":"binary-expr","locations":[{"start":{"line":158,"column":45},"end":{"line":158,"column":79},"skip":true},{"start":{"line":158,"column":83},"end":{"line":167,"column":9},"skip":true}]},"16":{"line":169,"type":"binary-expr","locations":[{"start":{"line":169,"column":43},"end":{"line":169,"column":75},"skip":true},{"start":{"line":169,"column":79},"end":{"line":178,"column":9},"skip":true}]},"17":{"line":180,"type":"binary-expr","locations":[{"start":{"line":180,"column":41},"end":{"line":180,"column":71},"skip":true},{"start":{"line":180,"column":75},"end":{"line":189,"column":9},"skip":true}]}},"code":["/* istanbul instrument in package npmtest_dispatchr */","/*jslint","    bitwise: true,","    browser: true,","    maxerr: 8,","    maxlen: 96,","    node: true,","    nomen: true,","    regexp: true,","    stupid: true","*/","(function () {","    'use strict';","    var local;","","","","    // run shared js-env code - pre-init","    (function () {","        // init local","        local = {};","        // init modeJs","        local.modeJs = (function () {","            try {","                return typeof navigator.userAgent === 'string' &&","                    typeof document.querySelector('body') === 'object' &&","                    typeof XMLHttpRequest.prototype.open === 'function' &&","                    'browser';","            } catch (errorCaughtBrowser) {","                return module.exports &&","                    typeof process.versions.node === 'string' &&","                    typeof require('http').createServer === 'function' &&","                    'node';","            }","        }());","        // init global","        local.global = local.modeJs === 'browser'","            ? window","            : global;","        switch (local.modeJs) {","        // re-init local from window.local","        case 'browser':","            local = local.global.utility2.objectSetDefault(","                local.global.utility2_rollup || local.global.local,","                local.global.utility2","            );","            break;","        // re-init local from example.js","        case 'node':","            local = (local.global.utility2_rollup || require('utility2'))","                .requireReadme();","            break;","        }","        // export local","        local.global.local = local;","    }());","","","","    // run shared js-env code - function","    (function () {","        return;","    }());","    switch (local.modeJs) {","","","","    // run browser js-env code - function","    case 'browser':","        break;","","","","    // run node js-env code - function","    case 'node':","        break;","    }","","","","    // run shared js-env code - post-init","    (function () {","        return;","    }());","    switch (local.modeJs) {","","","","    // run browser js-env code - post-init","    case 'browser':","        local.testCase_browser_nullCase = local.testCase_browser_nullCase || function (","            options,","            onError","        ) {","        /*","         * this function will test browsers's null-case handling-behavior-behavior","         */","            onError(null, options);","        };","","        // run tests","        local.nop(local.modeTest &&","            document.querySelector('#testRunButton1') &&","            document.querySelector('#testRunButton1').click());","        break;","","","","    // run node js-env code - post-init","    /* istanbul ignore next */","    case 'node':","        local.testCase_buildApidoc_default = local.testCase_buildApidoc_default || function (","            options,","            onError","        ) {","        /*","         * this function will test buildApidoc's default handling-behavior-behavior","         */","            options = { modulePathList: module.paths };","            local.buildApidoc(options, onError);","        };","","        local.testCase_buildApp_default = local.testCase_buildApp_default || function (","            options,","            onError","        ) {","        /*","         * this function will test buildApp's default handling-behavior-behavior","         */","            local.testCase_buildReadme_default(options, local.onErrorThrow);","            local.testCase_buildLib_default(options, local.onErrorThrow);","            local.testCase_buildTest_default(options, local.onErrorThrow);","            local.testCase_buildCustomOrg_default(options, local.onErrorThrow);","            options = [];","            local.buildApp(options, onError);","        };","","        local.testCase_buildCustomOrg_default = local.testCase_buildCustomOrg_default ||","            function (options, onError) {","            /*","             * this function will test buildCustomOrg's default handling-behavior","             */","                options = {};","                local.buildCustomOrg(options, onError);","            };","","        local.testCase_buildLib_default = local.testCase_buildLib_default || function (","            options,","            onError","        ) {","        /*","         * this function will test buildLib's default handling-behavior","         */","            options = {};","            local.buildLib(options, onError);","        };","","        local.testCase_buildReadme_default = local.testCase_buildReadme_default || function (","            options,","            onError","        ) {","        /*","         * this function will test buildReadme's default handling-behavior-behavior","         */","            options = {};","            local.buildReadme(options, onError);","        };","","        local.testCase_buildTest_default = local.testCase_buildTest_default || function (","            options,","            onError","        ) {","        /*","         * this function will test buildTest's default handling-behavior","         */","            options = {};","            local.buildTest(options, onError);","        };","","        local.testCase_webpage_default = local.testCase_webpage_default || function (","            options,","            onError","        ) {","        /*","         * this function will test webpage's default handling-behavior","         */","            options = { modeCoverageMerge: true, url: local.serverLocalHost + '?modeTest=1' };","            local.browserTest(options, onError);","        };","","        // run test-server","        local.testRunServer(local);","        break;","    }","}());",""],"l":{"12":2,"14":2,"19":2,"21":2,"23":2,"24":2,"25":2,"30":1,"37":2,"40":2,"43":1,"47":1,"50":1,"52":1,"55":2,"61":2,"62":2,"64":2,"70":1,"76":1,"82":2,"83":2,"85":2,"91":1,"98":1,"102":1,"105":1,"112":1,"119":1,"120":1,"123":1,"130":1,"131":1,"132":1,"133":1,"134":1,"135":1,"138":1,"143":2,"144":2,"147":1,"154":2,"155":2,"158":1,"165":2,"166":2,"169":1,"176":2,"177":2,"180":1,"187":1,"188":1,"192":1,"193":1}},"/home/travis/build/npmtest/node-npmtest-dispatchr/lib.npmtest_dispatchr.js":{"path":"/home/travis/build/npmtest/node-npmtest-dispatchr/lib.npmtest_dispatchr.js","s":{"1":2,"2":2,"3":2,"4":2,"5":2,"6":2,"7":2,"8":1,"9":2,"10":2,"11":2,"12":2,"13":1,"14":1,"15":1,"16":1},"b":{"1":[2,1,1,1],"2":[1,1,1,1],"3":[1,1],"4":[2,2],"5":[1,1]},"f":{"1":2,"2":2,"3":2},"fnMap":{"1":{"name":"(anonymous_1)","line":12,"loc":{"start":{"line":12,"column":1},"end":{"line":12,"column":13}}},"2":{"name":"(anonymous_2)","line":19,"loc":{"start":{"line":19,"column":5},"end":{"line":19,"column":17}}},"3":{"name":"(anonymous_3)","line":23,"loc":{"start":{"line":23,"column":24},"end":{"line":23,"column":36}}}},"statementMap":{"1":{"start":{"line":12,"column":0},"end":{"line":53,"column":5}},"2":{"start":{"line":14,"column":4},"end":{"line":14,"column":14}},"3":{"start":{"line":19,"column":4},"end":{"line":52,"column":9}},"4":{"start":{"line":21,"column":8},"end":{"line":21,"column":19}},"5":{"start":{"line":23,"column":8},"end":{"line":35,"column":13}},"6":{"start":{"line":24,"column":12},"end":{"line":34,"column":13}},"7":{"start":{"line":25,"column":16},"end":{"line":28,"column":30}},"8":{"start":{"line":30,"column":16},"end":{"line":33,"column":27}},"9":{"start":{"line":37,"column":8},"end":{"line":39,"column":21}},"10":{"start":{"line":41,"column":8},"end":{"line":41,"column":54}},"11":{"start":{"line":43,"column":8},"end":{"line":43,"column":54}},"12":{"start":{"line":45,"column":8},"end":{"line":51,"column":9}},"13":{"start":{"line":46,"column":12},"end":{"line":46,"column":60}},"14":{"start":{"line":48,"column":12},"end":{"line":48,"column":35}},"15":{"start":{"line":49,"column":12},"end":{"line":49,"column":49}},"16":{"start":{"line":50,"column":12},"end":{"line":50,"column":43}}},"branchMap":{"1":{"line":25,"type":"binary-expr","locations":[{"start":{"line":25,"column":23},"end":{"line":25,"column":62}},{"start":{"line":26,"column":20},"end":{"line":26,"column":70}},{"start":{"line":27,"column":20},"end":{"line":27,"column":71}},{"start":{"line":28,"column":20},"end":{"line":28,"column":29}}]},"2":{"line":30,"type":"binary-expr","locations":[{"start":{"line":30,"column":23},"end":{"line":30,"column":37}},{"start":{"line":31,"column":20},"end":{"line":31,"column":61}},{"start":{"line":32,"column":20},"end":{"line":32,"column":70}},{"start":{"line":33,"column":20},"end":{"line":33,"column":26}}]},"3":{"line":37,"type":"cond-expr","locations":[{"start":{"line":38,"column":14},"end":{"line":38,"column":20}},{"start":{"line":39,"column":14},"end":{"line":39,"column":20}}]},"4":{"line":41,"type":"binary-expr","locations":[{"start":{"line":41,"column":16},"end":{"line":41,"column":44}},{"start":{"line":41,"column":48},"end":{"line":41,"column":53}}]},"5":{"line":45,"type":"if","locations":[{"start":{"line":45,"column":8},"end":{"line":45,"column":8}},{"start":{"line":45,"column":8},"end":{"line":45,"column":8}}]}},"code":["/* istanbul instrument in package npmtest_dispatchr */","/*jslint","    bitwise: true,","    browser: true,","    maxerr: 8,","    maxlen: 96,","    node: true,","    nomen: true,","    regexp: true,","    stupid: true","*/","(function () {","    'use strict';","    var local;","","","","    // run shared js-env code - pre-init","    (function () {","        // init local","        local = {};","        // init modeJs","        local.modeJs = (function () {","            try {","                return typeof navigator.userAgent === 'string' &&","                    typeof document.querySelector('body') === 'object' &&","                    typeof XMLHttpRequest.prototype.open === 'function' &&","                    'browser';","            } catch (errorCaughtBrowser) {","                return module.exports &&","                    typeof process.versions.node === 'string' &&","                    typeof require('http').createServer === 'function' &&","                    'node';","            }","        }());","        // init global","        local.global = local.modeJs === 'browser'","            ? window","            : global;","        // init utility2_rollup","        local = local.global.utility2_rollup || local;","        // init lib","        local.local = local.npmtest_dispatchr = local;","        // init exports","        if (local.modeJs === 'browser') {","            local.global.utility2_npmtest_dispatchr = local;","        } else {","            module.exports = local;","            module.exports.__dirname = __dirname;","            module.exports.module = module;","        }","    }());","}());",""],"l":{"12":2,"14":2,"19":2,"21":2,"23":2,"24":2,"25":2,"30":1,"37":2,"41":2,"43":2,"45":2,"46":1,"48":1,"49":1,"50":1}},"/home/travis/build/npmtest/node-npmtest-dispatchr/example.js":{"path":"/home/travis/build/npmtest/node-npmtest-dispatchr/example.js","s":{"1":2,"2":2,"3":2,"4":2,"5":2,"6":2,"7":2,"8":1,"9":2,"10":2,"11":2,"12":2,"13":1,"14":2,"15":2,"16":2,"17":2,"18":2,"19":0,"20":2,"21":1,"22":1,"23":1,"24":1,"25":1,"26":0,"27":0,"28":1,"29":1,"30":2,"31":0,"32":0,"33":0,"34":1,"35":2,"36":2,"37":3,"38":3,"39":3,"40":3,"41":0,"42":3,"43":3,"44":3,"45":1,"46":3,"47":1,"48":1,"49":1,"50":1,"51":1,"52":1,"53":1,"54":1,"55":1,"56":1,"57":0,"58":1,"59":6,"60":6,"61":1,"62":2,"63":0,"64":2,"65":1,"66":1,"67":0,"68":0,"69":0,"70":0,"71":0,"72":0,"73":0,"74":0,"75":0,"76":0,"77":0,"78":0,"79":0,"80":0,"81":0,"82":0,"83":0},"b":{"1":[2,1,1,1],"2":[1,1,1,1],"3":[1,1],"4":[2,2],"5":[1,1],"6":[1,1],"7":[2,0],"8":[2,1,1,1,1,1],"9":[0,2,0],"10":[1,1],"11":[2,1,1],"12":[1,0],"13":[0,2],"14":[2,0,0,0,0,0,0],"15":[0,3],"16":[3,0],"17":[1,1],"18":[0,1],"19":[1,2,0,2],"20":[1,0],"21":[1,1],"22":[0,0],"23":[0,0],"24":[0,0],"25":[0,0],"26":[0,0],"27":[0,0],"28":[0,0]},"f":{"1":2,"2":2,"3":2,"4":2,"5":2,"6":2,"7":3,"8":3,"9":3,"10":1,"11":6,"12":0},"fnMap":{"1":{"name":"(anonymous_1)","line":26,"loc":{"start":{"line":26,"column":1},"end":{"line":26,"column":13}}},"2":{"name":"(anonymous_2)","line":33,"loc":{"start":{"line":33,"column":5},"end":{"line":33,"column":17}}},"3":{"name":"(anonymous_3)","line":37,"loc":{"start":{"line":37,"column":24},"end":{"line":37,"column":36}}},"4":{"name":"(anonymous_4)","line":69,"loc":{"start":{"line":69,"column":31},"end":{"line":69,"column":48}},"skip":true},"5":{"name":"(anonymous_5)","line":78,"loc":{"start":{"line":78,"column":26},"end":{"line":78,"column":45}},"skip":true},"6":{"name":"(anonymous_6)","line":123,"loc":{"start":{"line":123,"column":33},"end":{"line":123,"column":48}},"skip":true},"7":{"name":"(anonymous_7)","line":125,"loc":{"start":{"line":125,"column":27},"end":{"line":125,"column":39}},"skip":true},"8":{"name":"(anonymous_8)","line":133,"loc":{"start":{"line":133,"column":59},"end":{"line":133,"column":74}},"skip":true},"9":{"name":"(anonymous_9)","line":143,"loc":{"start":{"line":143,"column":45},"end":{"line":143,"column":62}},"skip":true},"10":{"name":"(anonymous_10)","line":144,"loc":{"start":{"line":144,"column":73},"end":{"line":144,"column":92}},"skip":true},"11":{"name":"(anonymous_11)","line":272,"loc":{"start":{"line":272,"column":51},"end":{"line":272,"column":77}},"skip":true},"12":{"name":"(anonymous_12)","line":315,"loc":{"start":{"line":315,"column":32},"end":{"line":315,"column":61}},"skip":true}},"statementMap":{"1":{"start":{"line":26,"column":0},"end":{"line":326,"column":5}},"2":{"start":{"line":28,"column":4},"end":{"line":28,"column":14}},"3":{"start":{"line":33,"column":4},"end":{"line":60,"column":9}},"4":{"start":{"line":35,"column":8},"end":{"line":35,"column":19}},"5":{"start":{"line":37,"column":8},"end":{"line":49,"column":13}},"6":{"start":{"line":38,"column":12},"end":{"line":48,"column":13}},"7":{"start":{"line":39,"column":16},"end":{"line":42,"column":30}},"8":{"start":{"line":44,"column":16},"end":{"line":47,"column":27}},"9":{"start":{"line":51,"column":8},"end":{"line":53,"column":21}},"10":{"start":{"line":55,"column":8},"end":{"line":57,"column":45}},"11":{"start":{"line":59,"column":8},"end":{"line":59,"column":35}},"12":{"start":{"line":61,"column":4},"end":{"line":325,"column":5}},"13":{"start":{"line":69,"column":8},"end":{"line":121,"column":10},"skip":true},"14":{"start":{"line":70,"column":12},"end":{"line":88,"column":13},"skip":true},"15":{"start":{"line":76,"column":16},"end":{"line":87,"column":19},"skip":true},"16":{"start":{"line":79,"column":20},"end":{"line":86,"column":21},"skip":true},"17":{"start":{"line":82,"column":24},"end":{"line":82,"column":43},"skip":true},"18":{"start":{"line":83,"column":24},"end":{"line":83,"column":30},"skip":true},"19":{"start":{"line":85,"column":24},"end":{"line":85,"column":49},"skip":true},"20":{"start":{"line":89,"column":12},"end":{"line":107,"column":13},"skip":true},"21":{"start":{"line":92,"column":16},"end":{"line":102,"column":17},"skip":true},"22":{"start":{"line":93,"column":20},"end":{"line":93,"column":86},"skip":true},"23":{"start":{"line":94,"column":20},"end":{"line":95,"column":45},"skip":true},"24":{"start":{"line":96,"column":20},"end":{"line":96,"column":42},"skip":true},"25":{"start":{"line":97,"column":20},"end":{"line":97,"column":48},"skip":true},"26":{"start":{"line":100,"column":20},"end":{"line":100,"column":85},"skip":true},"27":{"start":{"line":101,"column":20},"end":{"line":101,"column":96},"skip":true},"28":{"start":{"line":103,"column":16},"end":{"line":103,"column":22},"skip":true},"29":{"start":{"line":106,"column":16},"end":{"line":106,"column":22},"skip":true},"30":{"start":{"line":108,"column":12},"end":{"line":120,"column":13},"skip":true},"31":{"start":{"line":114,"column":16},"end":{"line":119,"column":17},"skip":true},"32":{"start":{"line":116,"column":20},"end":{"line":116,"column":78},"skip":true},"33":{"start":{"line":118,"column":20},"end":{"line":118,"column":47},"skip":true},"34":{"start":{"line":123,"column":8},"end":{"line":141,"column":11},"skip":true},"35":{"start":{"line":124,"column":12},"end":{"line":124,"column":54},"skip":true},"36":{"start":{"line":125,"column":12},"end":{"line":140,"column":14},"skip":true},"37":{"start":{"line":126,"column":16},"end":{"line":126,"column":28},"skip":true},"38":{"start":{"line":127,"column":16},"end":{"line":127,"column":69},"skip":true},"39":{"start":{"line":128,"column":16},"end":{"line":128,"column":75},"skip":true},"40":{"start":{"line":129,"column":16},"end":{"line":131,"column":17},"skip":true},"41":{"start":{"line":130,"column":20},"end":{"line":130,"column":27},"skip":true},"42":{"start":{"line":133,"column":16},"end":{"line":137,"column":36},"skip":true},"43":{"start":{"line":134,"column":20},"end":{"line":136,"column":55},"skip":true},"44":{"start":{"line":139,"column":16},"end":{"line":139,"column":57},"skip":true},"45":{"start":{"line":143,"column":8},"end":{"line":147,"column":11},"skip":true},"46":{"start":{"line":144,"column":12},"end":{"line":146,"column":15},"skip":true},"47":{"start":{"line":145,"column":16},"end":{"line":145,"column":70},"skip":true},"48":{"start":{"line":149,"column":8},"end":{"line":149,"column":31},"skip":true},"49":{"start":{"line":150,"column":8},"end":{"line":150,"column":14},"skip":true},"50":{"start":{"line":158,"column":8},"end":{"line":158,"column":31},"skip":true},"51":{"start":{"line":160,"column":8},"end":{"line":160,"column":33},"skip":true},"52":{"start":{"line":161,"column":8},"end":{"line":161,"column":37},"skip":true},"53":{"start":{"line":162,"column":8},"end":{"line":162,"column":35},"skip":true},"54":{"start":{"line":164,"column":8},"end":{"line":164,"column":50},"skip":true},"55":{"start":{"line":166,"column":8},"end":{"line":256,"column":2},"skip":true},"56":{"start":{"line":258,"column":8},"end":{"line":286,"column":9},"skip":true},"57":{"start":{"line":259,"column":12},"end":{"line":269,"column":14},"skip":true},"58":{"start":{"line":271,"column":12},"end":{"line":285,"column":19},"skip":true},"59":{"start":{"line":274,"column":20},"end":{"line":274,"column":35},"skip":true},"60":{"start":{"line":275,"column":20},"end":{"line":284,"column":21},"skip":true},"61":{"start":{"line":277,"column":24},"end":{"line":277,"column":64},"skip":true},"62":{"start":{"line":279,"column":24},"end":{"line":279,"column":40},"skip":true},"63":{"start":{"line":281,"column":24},"end":{"line":281,"column":40},"skip":true},"64":{"start":{"line":283,"column":24},"end":{"line":283,"column":39},"skip":true},"65":{"start":{"line":288,"column":8},"end":{"line":290,"column":9},"skip":true},"66":{"start":{"line":289,"column":12},"end":{"line":289,"column":18},"skip":true},"67":{"start":{"line":291,"column":8},"end":{"line":293,"column":54},"skip":true},"68":{"start":{"line":296,"column":8},"end":{"line":301,"column":37},"skip":true},"69":{"start":{"line":303,"column":8},"end":{"line":303,"column":82},"skip":true},"70":{"start":{"line":306,"column":8},"end":{"line":308,"column":9},"skip":true},"71":{"start":{"line":307,"column":12},"end":{"line":307,"column":82},"skip":true},"72":{"start":{"line":310,"column":8},"end":{"line":312,"column":9},"skip":true},"73":{"start":{"line":311,"column":12},"end":{"line":311,"column":18},"skip":true},"74":{"start":{"line":313,"column":8},"end":{"line":313,"column":54},"skip":true},"75":{"start":{"line":314,"column":8},"end":{"line":314,"column":69},"skip":true},"76":{"start":{"line":315,"column":8},"end":{"line":323,"column":36},"skip":true},"77":{"start":{"line":316,"column":12},"end":{"line":316,"column":61},"skip":true},"78":{"start":{"line":317,"column":12},"end":{"line":320,"column":13},"skip":true},"79":{"start":{"line":318,"column":16},"end":{"line":318,"column":75},"skip":true},"80":{"start":{"line":319,"column":16},"end":{"line":319,"column":23},"skip":true},"81":{"start":{"line":321,"column":12},"end":{"line":321,"column":38},"skip":true},"82":{"start":{"line":322,"column":12},"end":{"line":322,"column":27},"skip":true},"83":{"start":{"line":324,"column":8},"end":{"line":324,"column":14},"skip":true}},"branchMap":{"1":{"line":39,"type":"binary-expr","locations":[{"start":{"line":39,"column":23},"end":{"line":39,"column":62}},{"start":{"line":40,"column":20},"end":{"line":40,"column":70}},{"start":{"line":41,"column":20},"end":{"line":41,"column":71}},{"start":{"line":42,"column":20},"end":{"line":42,"column":29}}]},"2":{"line":44,"type":"binary-expr","locations":[{"start":{"line":44,"column":23},"end":{"line":44,"column":37}},{"start":{"line":45,"column":20},"end":{"line":45,"column":61}},{"start":{"line":46,"column":20},"end":{"line":46,"column":70}},{"start":{"line":47,"column":20},"end":{"line":47,"column":26}}]},"3":{"line":51,"type":"cond-expr","locations":[{"start":{"line":52,"column":14},"end":{"line":52,"column":20}},{"start":{"line":53,"column":14},"end":{"line":53,"column":20}}]},"4":{"line":55,"type":"binary-expr","locations":[{"start":{"line":55,"column":16},"end":{"line":55,"column":44}},{"start":{"line":55,"column":49},"end":{"line":57,"column":43}}]},"5":{"line":55,"type":"cond-expr","locations":[{"start":{"line":56,"column":14},"end":{"line":56,"column":53}},{"start":{"line":57,"column":14},"end":{"line":57,"column":43}}]},"6":{"line":61,"type":"switch","locations":[{"start":{"line":68,"column":4},"end":{"line":150,"column":14},"skip":true},{"start":{"line":156,"column":4},"end":{"line":324,"column":14},"skip":true}]},"7":{"line":70,"type":"if","locations":[{"start":{"line":70,"column":12},"end":{"line":70,"column":12},"skip":true},{"start":{"line":70,"column":12},"end":{"line":70,"column":12},"skip":true}]},"8":{"line":70,"type":"binary-expr","locations":[{"start":{"line":70,"column":16},"end":{"line":70,"column":22},"skip":true},{"start":{"line":70,"column":27},"end":{"line":70,"column":32},"skip":true},{"start":{"line":71,"column":20},"end":{"line":71,"column":39},"skip":true},{"start":{"line":72,"column":20},"end":{"line":72,"column":49},"skip":true},{"start":{"line":73,"column":20},"end":{"line":73,"column":58},"skip":true},{"start":{"line":74,"column":20},"end":{"line":74,"column":69},"skip":true}]},"9":{"line":79,"type":"switch","locations":[{"start":{"line":80,"column":20},"end":{"line":80,"column":33},"skip":true},{"start":{"line":81,"column":20},"end":{"line":83,"column":30},"skip":true},{"start":{"line":84,"column":20},"end":{"line":85,"column":49},"skip":true}]},"10":{"line":89,"type":"switch","locations":[{"start":{"line":90,"column":12},"end":{"line":103,"column":22},"skip":true},{"start":{"line":105,"column":12},"end":{"line":106,"column":22},"skip":true}]},"11":{"line":89,"type":"binary-expr","locations":[{"start":{"line":89,"column":20},"end":{"line":89,"column":25},"skip":true},{"start":{"line":89,"column":29},"end":{"line":89,"column":48},"skip":true},{"start":{"line":89,"column":52},"end":{"line":89,"column":74},"skip":true}]},"12":{"line":92,"type":"if","locations":[{"start":{"line":92,"column":16},"end":{"line":92,"column":16},"skip":true},{"start":{"line":92,"column":16},"end":{"line":92,"column":16},"skip":true}]},"13":{"line":108,"type":"if","locations":[{"start":{"line":108,"column":12},"end":{"line":108,"column":12},"skip":true},{"start":{"line":108,"column":12},"end":{"line":108,"column":12},"skip":true}]},"14":{"line":108,"type":"binary-expr","locations":[{"start":{"line":108,"column":16},"end":{"line":108,"column":61},"skip":true},{"start":{"line":108,"column":66},"end":{"line":108,"column":72},"skip":true},{"start":{"line":108,"column":77},"end":{"line":108,"column":82},"skip":true},{"start":{"line":109,"column":20},"end":{"line":109,"column":39},"skip":true},{"start":{"line":110,"column":20},"end":{"line":110,"column":49},"skip":true},{"start":{"line":111,"column":20},"end":{"line":111,"column":58},"skip":true},{"start":{"line":112,"column":20},"end":{"line":112,"column":68},"skip":true}]},"15":{"line":129,"type":"if","locations":[{"start":{"line":129,"column":16},"end":{"line":129,"column":16},"skip":true},{"start":{"line":129,"column":16},"end":{"line":129,"column":16},"skip":true}]},"16":{"line":134,"type":"cond-expr","locations":[{"start":{"line":135,"column":26},"end":{"line":135,"column":29},"skip":true},{"start":{"line":136,"column":26},"end":{"line":136,"column":54},"skip":true}]},"17":{"line":164,"type":"binary-expr","locations":[{"start":{"line":164,"column":27},"end":{"line":164,"column":43},"skip":true},{"start":{"line":164,"column":47},"end":{"line":164,"column":49},"skip":true}]},"18":{"line":258,"type":"if","locations":[{"start":{"line":258,"column":8},"end":{"line":258,"column":8},"skip":true},{"start":{"line":258,"column":8},"end":{"line":258,"column":8},"skip":true}]},"19":{"line":275,"type":"switch","locations":[{"start":{"line":276,"column":20},"end":{"line":277,"column":64},"skip":true},{"start":{"line":278,"column":20},"end":{"line":279,"column":40},"skip":true},{"start":{"line":280,"column":20},"end":{"line":281,"column":40},"skip":true},{"start":{"line":282,"column":20},"end":{"line":283,"column":39},"skip":true}]},"20":{"line":288,"type":"if","locations":[{"start":{"line":288,"column":8},"end":{"line":288,"column":8},"skip":true},{"start":{"line":288,"column":8},"end":{"line":288,"column":8},"skip":true}]},"21":{"line":288,"type":"binary-expr","locations":[{"start":{"line":288,"column":12},"end":{"line":288,"column":40},"skip":true},{"start":{"line":288,"column":44},"end":{"line":288,"column":67},"skip":true}]},"22":{"line":292,"type":"binary-expr","locations":[{"start":{"line":292,"column":12},"end":{"line":292,"column":50},"skip":true},{"start":{"line":293,"column":12},"end":{"line":293,"column":53},"skip":true}]},"23":{"line":297,"type":"binary-expr","locations":[{"start":{"line":297,"column":12},"end":{"line":297,"column":67},"skip":true},{"start":{"line":298,"column":12},"end":{"line":301,"column":36},"skip":true}]},"24":{"line":303,"type":"binary-expr","locations":[{"start":{"line":303,"column":43},"end":{"line":303,"column":75},"skip":true},{"start":{"line":303,"column":79},"end":{"line":303,"column":81},"skip":true}]},"25":{"line":306,"type":"if","locations":[{"start":{"line":306,"column":8},"end":{"line":306,"column":8},"skip":true},{"start":{"line":306,"column":8},"end":{"line":306,"column":8},"skip":true}]},"26":{"line":310,"type":"if","locations":[{"start":{"line":310,"column":8},"end":{"line":310,"column":8},"skip":true},{"start":{"line":310,"column":8},"end":{"line":310,"column":8},"skip":true}]},"27":{"line":313,"type":"binary-expr","locations":[{"start":{"line":313,"column":27},"end":{"line":313,"column":43},"skip":true},{"start":{"line":313,"column":47},"end":{"line":313,"column":53},"skip":true}]},"28":{"line":317,"type":"if","locations":[{"start":{"line":317,"column":12},"end":{"line":317,"column":12},"skip":true},{"start":{"line":317,"column":12},"end":{"line":317,"column":12},"skip":true}]}},"code":["/*","example.js","","quickstart example","","instruction","    1. save this script as example.js","    2. run the shell command:","        $ npm install npmtest-dispatchr && PORT=8081 node example.js","    3. play with the browser-demo on http://127.0.0.1:8081","*/","","","","/* istanbul instrument in package npmtest_dispatchr */","/*jslint","    bitwise: true,","    browser: true,","    maxerr: 8,","    maxlen: 96,","    node: true,","    nomen: true,","    regexp: true,","    stupid: true","*/","(function () {","    'use strict';","    var local;","","","","    // run shared js-env code - pre-init","    (function () {","        // init local","        local = {};","        // init modeJs","        local.modeJs = (function () {","            try {","                return typeof navigator.userAgent === 'string' &&","                    typeof document.querySelector('body') === 'object' &&","                    typeof XMLHttpRequest.prototype.open === 'function' &&","                    'browser';","            } catch (errorCaughtBrowser) {","                return module.exports &&","                    typeof process.versions.node === 'string' &&","                    typeof require('http').createServer === 'function' &&","                    'node';","            }","        }());","        // init global","        local.global = local.modeJs === 'browser'","            ? window","            : global;","        // init utility2_rollup","        local = local.global.utility2_rollup || (local.modeJs === 'browser'","            ? local.global.utility2_npmtest_dispatchr","            : global.utility2_moduleExports);","        // export local","        local.global.local = local;","    }());","    switch (local.modeJs) {","","","","    // post-init","    // run browser js-env code - post-init","    /* istanbul ignore next */","    case 'browser':","        local.testRunBrowser = function (event) {","            if (!event || (event &&","                    event.currentTarget &&","                    event.currentTarget.className &&","                    event.currentTarget.className.includes &&","                    event.currentTarget.className.includes('onreset'))) {","                // reset output","                Array.from(","                    document.querySelectorAll('body > .resettable')","                ).forEach(function (element) {","                    switch (element.tagName) {","                    case 'INPUT':","                    case 'TEXTAREA':","                        element.value = '';","                        break;","                    default:","                        element.textContent = '';","                    }","                });","            }","            switch (event && event.currentTarget && event.currentTarget.id) {","            case 'testRunButton1':","                // show tests","                if (document.querySelector('#testReportDiv1').style.display === 'none') {","                    document.querySelector('#testReportDiv1').style.display = 'block';","                    document.querySelector('#testRunButton1').textContent =","                        'hide internal test';","                    local.modeTest = true;","                    local.testRunDefault(local);","                // hide tests","                } else {","                    document.querySelector('#testReportDiv1').style.display = 'none';","                    document.querySelector('#testRunButton1').textContent = 'run internal test';","                }","                break;","            // custom-case","            default:","                break;","            }","            if (document.querySelector('#inputTextareaEval1') && (!event || (event &&","                    event.currentTarget &&","                    event.currentTarget.className &&","                    event.currentTarget.className.includes &&","                    event.currentTarget.className.includes('oneval')))) {","                // try to eval input-code","                try {","                    /*jslint evil: true*/","                    eval(document.querySelector('#inputTextareaEval1').value);","                } catch (errorCaught) {","                    console.error(errorCaught);","                }","            }","        };","        // log stderr and stdout to #outputTextareaStdout1","        ['error', 'log'].forEach(function (key) {","            console[key + '_original'] = console[key];","            console[key] = function () {","                var element;","                console[key + '_original'].apply(console, arguments);","                element = document.querySelector('#outputTextareaStdout1');","                if (!element) {","                    return;","                }","                // append text to #outputTextareaStdout1","                element.value += Array.from(arguments).map(function (arg) {","                    return typeof arg === 'string'","                        ? arg","                        : JSON.stringify(arg, null, 4);","                }).join(' ') + '\\n';","                // scroll textarea to bottom","                element.scrollTop = element.scrollHeight;","            };","        });","        // init event-handling","        ['change', 'click', 'keyup'].forEach(function (event) {","            Array.from(document.querySelectorAll('.on' + event)).forEach(function (element) {","                element.addEventListener(event, local.testRunBrowser);","            });","        });","        // run tests","        local.testRunBrowser();","        break;","","","","    // run node js-env code - post-init","    /* istanbul ignore next */","    case 'node':","        // export local","        module.exports = local;","        // require modules","        local.fs = require('fs');","        local.http = require('http');","        local.url = require('url');","        // init assets","        local.assetsDict = local.assetsDict || {};","        /* jslint-ignore-begin */","        local.assetsDict['/assets.index.template.html'] = '\\","<!doctype html>\\n\\","<html lang=\"en\">\\n\\","<head>\\n\\","<meta charset=\"UTF-8\">\\n\\","<meta name=\"viewport\" content=\"width=device-width, initial-scale=1\">\\n\\","<title>{{env.npm_package_name}} (v{{env.npm_package_version}})</title>\\n\\","<style>\\n\\","/*csslint\\n\\","    box-sizing: false,\\n\\","    universal-selector: false\\n\\","*/\\n\\","* {\\n\\","    box-sizing: border-box;\\n\\","}\\n\\","body {\\n\\","    background: #dde;\\n\\","    font-family: Arial, Helvetica, sans-serif;\\n\\","    margin: 2rem;\\n\\","}\\n\\","body > * {\\n\\","    margin-bottom: 1rem;\\n\\","}\\n\\",".utility2FooterDiv {\\n\\","    margin-top: 20px;\\n\\","    text-align: center;\\n\\","}\\n\\","</style>\\n\\","<style>\\n\\","/*csslint\\n\\","*/\\n\\","textarea {\\n\\","    font-family: monospace;\\n\\","    height: 10rem;\\n\\","    width: 100%;\\n\\","}\\n\\","textarea[readonly] {\\n\\","    background: #ddd;\\n\\","}\\n\\","</style>\\n\\","</head>\\n\\","<body>\\n\\","<!-- utility2-comment\\n\\","<div id=\"ajaxProgressDiv1\" style=\"background: #d00; height: 2px; left: 0; margin: 0; padding: 0; position: fixed; top: 0; transition: background 0.5s, width 1.5s; width: 25%;\"></div>\\n\\","utility2-comment -->\\n\\","<h1>\\n\\","<!-- utility2-comment\\n\\","    <a\\n\\","        {{#if env.npm_package_homepage}}\\n\\","        href=\"{{env.npm_package_homepage}}\"\\n\\","        {{/if env.npm_package_homepage}}\\n\\","        target=\"_blank\"\\n\\","    >\\n\\","utility2-comment -->\\n\\","        {{env.npm_package_name}} (v{{env.npm_package_version}})\\n\\","<!-- utility2-comment\\n\\","    </a>\\n\\","utility2-comment -->\\n\\","</h1>\\n\\","<h3>{{env.npm_package_description}}</h3>\\n\\","<!-- utility2-comment\\n\\","<h4><a download href=\"assets.app.js\">download standalone app</a></h4>\\n\\","<button class=\"onclick onreset\" id=\"testRunButton1\">run internal test</button><br>\\n\\","<div id=\"testReportDiv1\" style=\"display: none;\"></div>\\n\\","utility2-comment -->\\n\\","\\n\\","\\n\\","\\n\\","<label>stderr and stdout</label>\\n\\","<textarea class=\"resettable\" id=\"outputTextareaStdout1\" readonly></textarea>\\n\\","<!-- utility2-comment\\n\\","{{#if isRollup}}\\n\\","<script src=\"assets.app.js\"></script>\\n\\","{{#unless isRollup}}\\n\\","utility2-comment -->\\n\\","<script src=\"assets.utility2.rollup.js\"></script>\\n\\","<script src=\"jsonp.utility2._stateInit?callback=window.utility2._stateInit\"></script>\\n\\","<script src=\"assets.npmtest_dispatchr.rollup.js\"></script>\\n\\","<script src=\"assets.example.js\"></script>\\n\\","<script src=\"assets.test.js\"></script>\\n\\","<!-- utility2-comment\\n\\","{{/if isRollup}}\\n\\","utility2-comment -->\\n\\","<div class=\"utility2FooterDiv\">\\n\\","    [ this app was created with\\n\\","    <a href=\"https://github.com/kaizhu256/node-utility2\" target=\"_blank\">utility2</a>\\n\\","    ]\\n\\","</div>\\n\\","</body>\\n\\","</html>\\n\\","';","        /* jslint-ignore-end */","        if (local.templateRender) {","            local.assetsDict['/'] = local.templateRender(","                local.assetsDict['/assets.index.template.html'],","                {","                    env: local.objectSetDefault(local.env, {","                        npm_package_description: 'the greatest app in the world!',","                        npm_package_name: 'my-app',","                        npm_package_nameAlias: 'my_app',","                        npm_package_version: '0.0.1'","                    })","                }","            );","        } else {","            local.assetsDict['/'] = local.assetsDict['/assets.index.template.html']","                .replace((/\\{\\{env\\.(\\w+?)\\}\\}/g), function (match0, match1) {","                    // jslint-hack","                    String(match0);","                    switch (match1) {","                    case 'npm_package_description':","                        return 'the greatest app in the world!';","                    case 'npm_package_name':","                        return 'my-app';","                    case 'npm_package_nameAlias':","                        return 'my_app';","                    case 'npm_package_version':","                        return '0.0.1';","                    }","                });","        }","        // run the cli","        if (local.global.utility2_rollup || module !== require.main) {","            break;","        }","        local.assetsDict['/assets.example.js'] =","            local.assetsDict['/assets.example.js'] ||","            local.fs.readFileSync(__filename, 'utf8');","        // bug-workaround - long $npm_package_buildCustomOrg","        /* jslint-ignore-begin */","        local.assetsDict['/assets.npmtest_dispatchr.rollup.js'] =","            local.assetsDict['/assets.npmtest_dispatchr.rollup.js'] ||","            local.fs.readFileSync(","                local.npmtest_dispatchr.__dirname + '/lib.npmtest_dispatchr.js',","                'utf8'","            ).replace((/^#!/), '//');","        /* jslint-ignore-end */","        local.assetsDict['/favicon.ico'] = local.assetsDict['/favicon.ico'] || '';","        // if $npm_config_timeout_exit exists,","        // then exit this process after $npm_config_timeout_exit ms","        if (Number(process.env.npm_config_timeout_exit)) {","            setTimeout(process.exit, Number(process.env.npm_config_timeout_exit));","        }","        // start server","        if (local.global.utility2_serverHttp1) {","            break;","        }","        process.env.PORT = process.env.PORT || '8081';","        console.error('server starting on port ' + process.env.PORT);","        local.http.createServer(function (request, response) {","            request.urlParsed = local.url.parse(request.url);","            if (local.assetsDict[request.urlParsed.pathname] !== undefined) {","                response.end(local.assetsDict[request.urlParsed.pathname]);","                return;","            }","            response.statusCode = 404;","            response.end();","        }).listen(process.env.PORT);","        break;","    }","}());",""],"l":{"26":2,"28":2,"33":2,"35":2,"37":2,"38":2,"39":2,"44":1,"51":2,"55":2,"59":2,"61":2,"69":1,"70":2,"76":2,"79":2,"82":2,"83":2,"85":1,"89":2,"92":1,"93":1,"94":1,"96":1,"97":1,"100":1,"101":1,"103":1,"106":1,"108":2,"114":1,"116":1,"118":1,"123":1,"124":2,"125":2,"126":3,"127":3,"128":3,"129":3,"130":1,"133":3,"134":3,"139":3,"143":1,"144":3,"145":1,"149":1,"150":1,"158":1,"160":1,"161":1,"162":1,"164":1,"166":1,"258":1,"259":1,"271":1,"274":6,"275":6,"277":1,"279":2,"281":1,"283":2,"288":1,"289":1,"291":1,"296":1,"303":1,"306":1,"307":1,"310":1,"311":1,"313":1,"314":1,"315":1,"316":1,"317":1,"318":1,"319":1,"321":1,"322":1,"324":1}},"/home/travis/build/npmtest/node-npmtest-dispatchr/node_modules/dispatchr/index.js":{"path":"/home/travis/build/npmtest/node-npmtest-dispatchr/node_modules/dispatchr/index.js","s":{"1":1},"b":{},"f":{},"fnMap":{},"statementMap":{"1":{"start":{"line":5,"column":0},"end":{"line":5,"column":45}}},"branchMap":{},"code":["/**"," * Copyright 2014, Yahoo! Inc."," * Copyrights licensed under the New BSD License. See the accompanying LICENSE file for terms."," */","module.exports = require('./lib/Dispatcher');",""],"l":{"5":1}},"/home/travis/build/npmtest/node-npmtest-dispatchr/node_modules/dispatchr/lib/Dispatcher.js":{"path":"/home/travis/build/npmtest/node-npmtest-dispatchr/node_modules/dispatchr/lib/Dispatcher.js","s":{"1":1,"2":1,"3":1,"4":0,"5":0,"6":0,"7":0,"8":0,"9":0,"10":0,"11":0,"12":0,"13":1,"14":0,"15":1,"16":0,"17":0,"18":0,"19":0,"20":0,"21":0,"22":0,"23":0,"24":0,"25":0,"26":0,"27":0,"28":0,"29":0,"30":0,"31":0,"32":0,"33":1,"34":0,"35":0,"36":0,"37":0,"38":0,"39":0,"40":0,"41":1,"42":0,"43":0,"44":0,"45":0,"46":0,"47":0,"48":0,"49":0,"50":0,"51":1,"52":0,"53":0,"54":0,"55":1,"56":0,"57":0,"58":0,"59":1,"60":0},"b":{"1":[0,0],"2":[0,0],"3":[0,0],"4":[0,0],"5":[0,0],"6":[0,0],"7":[0,0],"8":[0,0],"9":[0,0],"10":[0,0],"11":[0,0],"12":[0,0],"13":[0,0],"14":[0,0],"15":[0,0],"16":[0,0],"17":[0,0],"18":[0,0]},"f":{"1":0,"2":0,"3":0,"4":0,"5":0,"6":0,"7":0,"8":0,"9":0,"10":0},"fnMap":{"1":{"name":"Dispatcher","line":17,"loc":{"start":{"line":17,"column":0},"end":{"line":17,"column":30}}},"2":{"name":"(anonymous_2)","line":25,"loc":{"start":{"line":25,"column":27},"end":{"line":25,"column":44}}},"3":{"name":"createContext","line":31,"loc":{"start":{"line":31,"column":37},"end":{"line":31,"column":69}}},"4":{"name":"registerStore","line":44,"loc":{"start":{"line":44,"column":37},"end":{"line":44,"column":67}}},"5":{"name":"storeHandlersEach","line":65,"loc":{"start":{"line":65,"column":44},"end":{"line":65,"column":79}}},"6":{"name":"isRegistered","line":79,"loc":{"start":{"line":79,"column":36},"end":{"line":79,"column":65}}},"7":{"name":"getStoreName","line":103,"loc":{"start":{"line":103,"column":36},"end":{"line":103,"column":65}}},"8":{"name":"registerHandler","line":135,"loc":{"start":{"line":135,"column":40},"end":{"line":135,"column":88}}},"9":{"name":"throwOrCallErrorHandler","line":157,"loc":{"start":{"line":157,"column":48},"end":{"line":157,"column":111}}},"10":{"name":"(anonymous_10)","line":170,"loc":{"start":{"line":170,"column":22},"end":{"line":170,"column":41}}}},"statementMap":{"1":{"start":{"line":7,"column":0},"end":{"line":7,"column":24}},"2":{"start":{"line":8,"column":0},"end":{"line":8,"column":55}},"3":{"start":{"line":17,"column":0},"end":{"line":29,"column":1}},"4":{"start":{"line":18,"column":4},"end":{"line":18,"column":28}},"5":{"start":{"line":19,"column":4},"end":{"line":19,"column":42}},"6":{"start":{"line":20,"column":4},"end":{"line":20,"column":21}},"7":{"start":{"line":21,"column":4},"end":{"line":21,"column":23}},"8":{"start":{"line":22,"column":4},"end":{"line":22,"column":32}},"9":{"start":{"line":23,"column":4},"end":{"line":23,"column":45}},"10":{"start":{"line":24,"column":4},"end":{"line":24,"column":44}},"11":{"start":{"line":25,"column":4},"end":{"line":27,"column":13}},"12":{"start":{"line":26,"column":8},"end":{"line":26,"column":34}},"13":{"start":{"line":31,"column":0},"end":{"line":33,"column":2}},"14":{"start":{"line":32,"column":4},"end":{"line":32,"column":48}},"15":{"start":{"line":44,"column":0},"end":{"line":70,"column":2}},"16":{"start":{"line":45,"column":4},"end":{"line":48,"column":5}},"17":{"start":{"line":46,"column":8},"end":{"line":46,"column":80}},"18":{"start":{"line":47,"column":8},"end":{"line":47,"column":87}},"19":{"start":{"line":49,"column":4},"end":{"line":49,"column":45}},"20":{"start":{"line":50,"column":4},"end":{"line":53,"column":5}},"21":{"start":{"line":51,"column":8},"end":{"line":51,"column":74}},"22":{"start":{"line":52,"column":8},"end":{"line":52,"column":85}},"23":{"start":{"line":54,"column":4},"end":{"line":62,"column":5}},"24":{"start":{"line":55,"column":8},"end":{"line":58,"column":9}},"25":{"start":{"line":57,"column":12},"end":{"line":57,"column":19}},"26":{"start":{"line":59,"column":8},"end":{"line":60,"column":80}},"27":{"start":{"line":61,"column":8},"end":{"line":61,"column":93}},"28":{"start":{"line":63,"column":4},"end":{"line":63,"column":35}},"29":{"start":{"line":64,"column":4},"end":{"line":69,"column":5}},"30":{"start":{"line":65,"column":8},"end":{"line":68,"column":17}},"31":{"start":{"line":66,"column":12},"end":{"line":66,"column":49}},"32":{"start":{"line":67,"column":12},"end":{"line":67,"column":62}},"33":{"start":{"line":79,"column":0},"end":{"line":93,"column":2}},"34":{"start":{"line":80,"column":4},"end":{"line":81,"column":47}},"35":{"start":{"line":83,"column":4},"end":{"line":85,"column":5}},"36":{"start":{"line":84,"column":8},"end":{"line":84,"column":21}},"37":{"start":{"line":87,"column":4},"end":{"line":91,"column":5}},"38":{"start":{"line":88,"column":8},"end":{"line":90,"column":9}},"39":{"start":{"line":89,"column":12},"end":{"line":89,"column":25}},"40":{"start":{"line":92,"column":4},"end":{"line":92,"column":16}},"41":{"start":{"line":103,"column":0},"end":{"line":123,"column":2}},"42":{"start":{"line":104,"column":4},"end":{"line":106,"column":5}},"43":{"start":{"line":105,"column":8},"end":{"line":105,"column":21}},"44":{"start":{"line":107,"column":4},"end":{"line":109,"column":5}},"45":{"start":{"line":108,"column":8},"end":{"line":108,"column":31}},"46":{"start":{"line":111,"column":4},"end":{"line":121,"column":5}},"47":{"start":{"line":112,"column":8},"end":{"line":120,"column":9}},"48":{"start":{"line":113,"column":12},"end":{"line":118,"column":65}},"49":{"start":{"line":119,"column":12},"end":{"line":119,"column":51}},"50":{"start":{"line":122,"column":4},"end":{"line":122,"column":22}},"51":{"start":{"line":135,"column":0},"end":{"line":142,"column":2}},"52":{"start":{"line":136,"column":4},"end":{"line":136,"column":56}},"53":{"start":{"line":137,"column":4},"end":{"line":140,"column":7}},"54":{"start":{"line":141,"column":4},"end":{"line":141,"column":36}},"55":{"start":{"line":157,"column":0},"end":{"line":167,"column":2}},"56":{"start":{"line":158,"column":4},"end":{"line":166,"column":5}},"57":{"start":{"line":159,"column":8},"end":{"line":163,"column":20}},"58":{"start":{"line":165,"column":8},"end":{"line":165,"column":33}},"59":{"start":{"line":169,"column":0},"end":{"line":173,"column":2}},"60":{"start":{"line":171,"column":8},"end":{"line":171,"column":39}}},"branchMap":{"1":{"line":18,"type":"binary-expr","locations":[{"start":{"line":18,"column":14},"end":{"line":18,"column":21}},{"start":{"line":18,"column":25},"end":{"line":18,"column":27}}]},"2":{"line":19,"type":"binary-expr","locations":[{"start":{"line":19,"column":21},"end":{"line":19,"column":35}},{"start":{"line":19,"column":39},"end":{"line":19,"column":41}}]},"3":{"line":45,"type":"if","locations":[{"start":{"line":45,"column":4},"end":{"line":45,"column":4}},{"start":{"line":45,"column":4},"end":{"line":45,"column":4}}]},"4":{"line":50,"type":"if","locations":[{"start":{"line":50,"column":4},"end":{"line":50,"column":4}},{"start":{"line":50,"column":4},"end":{"line":50,"column":4}}]},"5":{"line":54,"type":"if","locations":[{"start":{"line":54,"column":4},"end":{"line":54,"column":4}},{"start":{"line":54,"column":4},"end":{"line":54,"column":4}}]},"6":{"line":55,"type":"if","locations":[{"start":{"line":55,"column":8},"end":{"line":55,"column":8}},{"start":{"line":55,"column":8},"end":{"line":55,"column":8}}]},"7":{"line":64,"type":"if","locations":[{"start":{"line":64,"column":4},"end":{"line":64,"column":4}},{"start":{"line":64,"column":4},"end":{"line":64,"column":4}}]},"8":{"line":83,"type":"if","locations":[{"start":{"line":83,"column":4},"end":{"line":83,"column":4}},{"start":{"line":83,"column":4},"end":{"line":83,"column":4}}]},"9":{"line":87,"type":"if","locations":[{"start":{"line":87,"column":4},"end":{"line":87,"column":4}},{"start":{"line":87,"column":4},"end":{"line":87,"column":4}}]},"10":{"line":88,"type":"if","locations":[{"start":{"line":88,"column":8},"end":{"line":88,"column":8}},{"start":{"line":88,"column":8},"end":{"line":88,"column":8}}]},"11":{"line":104,"type":"if","locations":[{"start":{"line":104,"column":4},"end":{"line":104,"column":4}},{"start":{"line":104,"column":4},"end":{"line":104,"column":4}}]},"12":{"line":107,"type":"if","locations":[{"start":{"line":107,"column":4},"end":{"line":107,"column":4}},{"start":{"line":107,"column":4},"end":{"line":107,"column":4}}]},"13":{"line":111,"type":"if","locations":[{"start":{"line":111,"column":4},"end":{"line":111,"column":4}},{"start":{"line":111,"column":4},"end":{"line":111,"column":4}}]},"14":{"line":112,"type":"if","locations":[{"start":{"line":112,"column":8},"end":{"line":112,"column":8}},{"start":{"line":112,"column":8},"end":{"line":112,"column":8}}]},"15":{"line":112,"type":"binary-expr","locations":[{"start":{"line":112,"column":12},"end":{"line":112,"column":22}},{"start":{"line":112,"column":26},"end":{"line":112,"column":58}}]},"16":{"line":136,"type":"binary-expr","locations":[{"start":{"line":136,"column":28},"end":{"line":136,"column":49}},{"start":{"line":136,"column":53},"end":{"line":136,"column":55}}]},"17":{"line":158,"type":"if","locations":[{"start":{"line":158,"column":4},"end":{"line":158,"column":4}},{"start":{"line":158,"column":4},"end":{"line":158,"column":4}}]},"18":{"line":161,"type":"binary-expr","locations":[{"start":{"line":161,"column":18},"end":{"line":161,"column":22}},{"start":{"line":161,"column":26},"end":{"line":161,"column":44}}]}},"code":["/**"," * Copyright 2014, Yahoo! Inc."," * Copyrights licensed under the New BSD License. See the accompanying LICENSE file for terms."," */","'use strict';","","var DEFAULT = 'default';","var DispatcherContext = require('./DispatcherContext');","","/**"," * @class Dispatcher"," * @param {Object} options Dispatcher options"," * @param {Array} options.stores Array of stores to register"," * @param {Function} options.errorHandler Called when an error occurrs. Allows user to handle/throw the error."," * @constructor"," */","function Dispatcher (options) {","    options = options || {};","    options.stores = options.stores || [];","    this.stores = {};","    this.handlers = {};","    this.handlers[DEFAULT] = [];","    this.errorHandler = options.errorHandler;","    this.hasWarnedAboutNameProperty = false;","    options.stores.forEach(function (store) {","        this.registerStore(store);","    }, this);","","}","","Dispatcher.prototype.createContext = function createContext(context) {","    return new DispatcherContext(this, context);","};","","/**"," * Registers a store so that it can handle actions."," * @method registerStore"," * @static"," * @param {Object} store A store class to be registered. The store should have a static"," *      `name` property so that it can be loaded later."," * @throws {Error} if store is invalid"," * @throws {Error} if store is already registered"," */","Dispatcher.prototype.registerStore = function registerStore(store) {","    if ('function' !== typeof store) {","        var message = 'registerStore requires a constructor as first parameter';","        return this._throwOrCallErrorHandler(message, 'REGISTER_STORE_NO_CONSTRUCTOR');","    }","    var storeName = this.getStoreName(store);","    if (!storeName) {","        var message = 'Store is required to have a `storeName` property.';","        return this._throwOrCallErrorHandler(message, 'REGISTER_STORE_NO_STORENAME');","    }","    if (this.stores[storeName]) {","        if (this.stores[storeName] === store) {","            // Store is already registered, nothing to do","            return;","        }","        var message = 'Store with name `' + storeName + '` has already been registered. ' +","            'Make sure you do not have multiple copies of the store installed.';","        return this._throwOrCallErrorHandler(message, 'REGISTER_STORE_DUPLICATE_REGISTERED');","    }","    this.stores[storeName] = store;","    if (store.handlers) {","        Object.keys(store.handlers).forEach(function storeHandlersEach(action) {","            var handler = store.handlers[action];","            this._registerHandler(action, storeName, handler);","        }, this);","    }","};","","/**"," * Method to discover if a storeName has been registered"," * @method isRegistered"," * @static"," * @param {Object|String} store The store to check"," * @returns {boolean}"," */","Dispatcher.prototype.isRegistered = function isRegistered(store) {","    var storeName = this.getStoreName(store),","        storeInstance = this.stores[storeName];","","    if (!storeInstance) {","        return false;","    }","","    if ('function' === typeof store) {","        if (store !== storeInstance) {","            return false;","        }","    }","    return true;","};","","/**"," * Gets a name from a store"," * @method getStoreName"," * @static"," * @param {String|Object} store The store name or class from which to extract"," *      the name"," * @returns {String}"," */","Dispatcher.prototype.getStoreName = function getStoreName(store) {","    if ('string' === typeof store) {","        return store;","    }","    if (store.storeName) {","        return store.storeName;","    }","","    if (process.env.NODE_ENV !== 'production') {","        if (store.name && !this.hasWarnedAboutNameProperty) {","            console.warn('A store has been registered that relies on the ' +","                'constructor\\'s name property. This name may change when you ' +","                'minify your stores during build time and could break string ' +","                'references to your store. It is advised that you add a ' +","                'static `storeName` property to your store to ensure the ' +","                'store name does not change during your build.');","            this.hasWarnedAboutNameProperty = true;","        }","    }","    return store.name;","};","","/**"," * Adds a handler function to be called for the given action"," * @method registerHandler"," * @private"," * @static"," * @param {String} action Name of the action"," * @param {String} name Name of the store that handles the action"," * @param {String|Function} handler The function or name of the method that handles the action"," * @returns {number}"," */","Dispatcher.prototype._registerHandler = function registerHandler(action, name, handler) {","    this.handlers[action] = this.handlers[action] || [];","    this.handlers[action].push({","        name: this.getStoreName(name),","        handler: handler","    });","    return this.handlers.length - 1;","};","","/**"," * Executes `errorHandler` if registered, otherwise will throw an error"," * @method _throwOrCallErrorHandler"," * @private"," * @static"," * @param {String} message Error message to use for throw"," * @param {String} [type=DISPATCHER_ERROR] Type of error generated"," * @param {Object} [context] DispatcherContext object"," * @param {Object} [meta] Additional information to pass to the error handler. Message","    will automatically be passed into the meta object."," * @throws {Error} if `errorHandler` is not defined"," * @returns {void}"," */","Dispatcher.prototype._throwOrCallErrorHandler = function throwOrCallErrorHandler(message, type, context, meta) {","    if (this.errorHandler) {","        this.errorHandler({","            message: message,","            type: type || 'DISPATCHER_ERROR',","            meta: meta","        }, context);","    } else {","        throw new Error(message);","    }","};","","module.exports = {","    createDispatcher: function (options) {","        return new Dispatcher(options);","    }","};",""],"l":{"7":1,"8":1,"17":1,"18":0,"19":0,"20":0,"21":0,"22":0,"23":0,"24":0,"25":0,"26":0,"31":1,"32":0,"44":1,"45":0,"46":0,"47":0,"49":0,"50":0,"51":0,"52":0,"54":0,"55":0,"57":0,"59":0,"61":0,"63":0,"64":0,"65":0,"66":0,"67":0,"79":1,"80":0,"83":0,"84":0,"87":0,"88":0,"89":0,"92":0,"103":1,"104":0,"105":0,"107":0,"108":0,"111":0,"112":0,"113":0,"119":0,"122":0,"135":1,"136":0,"137":0,"141":0,"157":1,"158":0,"159":0,"165":0,"169":1,"171":0}},"/home/travis/build/npmtest/node-npmtest-dispatchr/node_modules/dispatchr/lib/DispatcherContext.js":{"path":"/home/travis/build/npmtest/node-npmtest-dispatchr/node_modules/dispatchr/lib/DispatcherContext.js","s":{"1":1,"2":1,"3":1,"4":1,"5":0,"6":0,"7":0,"8":0,"9":0,"10":0,"11":0,"12":1,"13":0,"14":0,"15":0,"16":0,"17":0,"18":0,"19":0,"20":0,"21":0,"22":0,"23":0,"24":0,"25":0,"26":0,"27":1,"28":0,"29":0,"30":0,"31":0,"32":0,"33":0,"34":0,"35":0,"36":0,"37":0,"38":0,"39":0,"40":0,"41":0,"42":0,"43":0,"44":0,"45":0,"46":0,"47":0,"48":0,"49":0,"50":0,"51":0,"52":0,"53":0,"54":0,"55":0,"56":0,"57":0,"58":1,"59":0,"60":0,"61":0,"62":0,"63":0,"64":0,"65":0,"66":1,"67":0,"68":0,"69":0,"70":0,"71":1,"72":0,"73":0,"74":0,"75":0,"76":0,"77":1},"b":{"1":[0,0],"2":[0,0],"3":[0,0],"4":[0,0],"5":[0,0],"6":[0,0],"7":[0,0],"8":[0,0],"9":[0,0],"10":[0,0],"11":[0,0],"12":[0,0],"13":[0,0],"14":[0,0],"15":[0,0],"16":[0,0,0],"17":[0,0],"18":[0,0]},"f":{"1":0,"2":0,"3":0,"4":0,"5":0,"6":0,"7":0,"8":0,"9":0,"10":0},"fnMap":{"1":{"name":"DispatcherContext","line":16,"loc":{"start":{"line":16,"column":0},"end":{"line":16,"column":49}}},"2":{"name":"getContext","line":22,"loc":{"start":{"line":22,"column":20},"end":{"line":22,"column":42}}},"3":{"name":"getStore","line":36,"loc":{"start":{"line":36,"column":39},"end":{"line":36,"column":63}}},"4":{"name":"dispatch","line":66,"loc":{"start":{"line":66,"column":39},"end":{"line":66,"column":78}}},"5":{"name":"actionHandlersEach","line":92,"loc":{"start":{"line":92,"column":28},"end":{"line":92,"column":63}}},"6":{"name":"dehydrate","line":127,"loc":{"start":{"line":127,"column":40},"end":{"line":127,"column":61}}},"7":{"name":"storeInstancesEach","line":130,"loc":{"start":{"line":130,"column":45},"end":{"line":130,"column":84}}},"8":{"name":"rehydrate","line":148,"loc":{"start":{"line":148,"column":40},"end":{"line":148,"column":76}}},"9":{"name":"storeStateEach","line":151,"loc":{"start":{"line":151,"column":52},"end":{"line":151,"column":87}}},"10":{"name":"waitFor","line":165,"loc":{"start":{"line":165,"column":38},"end":{"line":165,"column":73}}}},"statementMap":{"1":{"start":{"line":7,"column":0},"end":{"line":7,"column":33}},"2":{"start":{"line":8,"column":0},"end":{"line":8,"column":24}},"3":{"start":{"line":9,"column":0},"end":{"line":9,"column":60}},"4":{"start":{"line":16,"column":0},"end":{"line":27,"column":1}},"5":{"start":{"line":17,"column":4},"end":{"line":17,"column":27}},"6":{"start":{"line":18,"column":4},"end":{"line":18,"column":33}},"7":{"start":{"line":19,"column":4},"end":{"line":19,"column":29}},"8":{"start":{"line":20,"column":4},"end":{"line":20,"column":30}},"9":{"start":{"line":21,"column":4},"end":{"line":25,"column":6}},"10":{"start":{"line":22,"column":44},"end":{"line":22,"column":59}},"11":{"start":{"line":26,"column":4},"end":{"line":26,"column":35}},"12":{"start":{"line":36,"column":0},"end":{"line":57,"column":2}},"13":{"start":{"line":37,"column":4},"end":{"line":37,"column":55}},"14":{"start":{"line":38,"column":4},"end":{"line":55,"column":5}},"15":{"start":{"line":39,"column":8},"end":{"line":39,"column":54}},"16":{"start":{"line":40,"column":8},"end":{"line":46,"column":9}},"17":{"start":{"line":41,"column":12},"end":{"line":41,"column":72}},"18":{"start":{"line":42,"column":12},"end":{"line":44,"column":14}},"19":{"start":{"line":45,"column":12},"end":{"line":45,"column":111}},"20":{"start":{"line":47,"column":8},"end":{"line":47,"column":107}},"21":{"start":{"line":48,"column":8},"end":{"line":54,"column":9}},"22":{"start":{"line":49,"column":12},"end":{"line":49,"column":61}},"23":{"start":{"line":50,"column":12},"end":{"line":52,"column":13}},"24":{"start":{"line":51,"column":16},"end":{"line":51,"column":64}},"25":{"start":{"line":53,"column":12},"end":{"line":53,"column":56}},"26":{"start":{"line":56,"column":4},"end":{"line":56,"column":42}},"27":{"start":{"line":66,"column":0},"end":{"line":118,"column":2}},"28":{"start":{"line":67,"column":4},"end":{"line":70,"column":5}},"29":{"start":{"line":68,"column":8},"end":{"line":68,"column":78}},"30":{"start":{"line":69,"column":8},"end":{"line":69,"column":110}},"31":{"start":{"line":71,"column":4},"end":{"line":78,"column":5}},"32":{"start":{"line":72,"column":8},"end":{"line":72,"column":188}},"33":{"start":{"line":73,"column":8},"end":{"line":76,"column":10}},"34":{"start":{"line":77,"column":8},"end":{"line":77,"column":107}},"35":{"start":{"line":79,"column":4},"end":{"line":80,"column":66}},"36":{"start":{"line":81,"column":4},"end":{"line":84,"column":5}},"37":{"start":{"line":82,"column":8},"end":{"line":82,"column":69}},"38":{"start":{"line":83,"column":8},"end":{"line":83,"column":15}},"39":{"start":{"line":85,"column":4},"end":{"line":85,"column":48}},"40":{"start":{"line":86,"column":4},"end":{"line":86,"column":57}},"41":{"start":{"line":87,"column":4},"end":{"line":89,"column":24}},"42":{"start":{"line":91,"column":4},"end":{"line":117,"column":5}},"43":{"start":{"line":92,"column":8},"end":{"line":110,"column":11}},"44":{"start":{"line":93,"column":12},"end":{"line":96,"column":13}},"45":{"start":{"line":95,"column":16},"end":{"line":95,"column":23}},"46":{"start":{"line":97,"column":12},"end":{"line":97,"column":58}},"47":{"start":{"line":98,"column":12},"end":{"line":109,"column":13}},"48":{"start":{"line":99,"column":16},"end":{"line":99,"column":75}},"49":{"start":{"line":101,"column":16},"end":{"line":107,"column":17}},"50":{"start":{"line":102,"column":20},"end":{"line":102,"column":97}},"51":{"start":{"line":103,"column":20},"end":{"line":105,"column":22}},"52":{"start":{"line":106,"column":20},"end":{"line":106,"column":130}},"53":{"start":{"line":108,"column":16},"end":{"line":108,"column":90}},"54":{"start":{"line":111,"column":8},"end":{"line":111,"column":47}},"55":{"start":{"line":113,"column":8},"end":{"line":113,"column":16}},"56":{"start":{"line":115,"column":8},"end":{"line":115,"column":40}},"57":{"start":{"line":116,"column":8},"end":{"line":116,"column":34}},"58":{"start":{"line":127,"column":0},"end":{"line":140,"column":2}},"59":{"start":{"line":128,"column":4},"end":{"line":129,"column":20}},"60":{"start":{"line":130,"column":4},"end":{"line":136,"column":7}},"61":{"start":{"line":131,"column":8},"end":{"line":131,"column":51}},"62":{"start":{"line":132,"column":8},"end":{"line":134,"column":9}},"63":{"start":{"line":133,"column":12},"end":{"line":133,"column":19}},"64":{"start":{"line":135,"column":8},"end":{"line":135,"column":46}},"65":{"start":{"line":137,"column":4},"end":{"line":139,"column":6}},"66":{"start":{"line":148,"column":0},"end":{"line":155,"column":2}},"67":{"start":{"line":149,"column":4},"end":{"line":149,"column":20}},"68":{"start":{"line":150,"column":4},"end":{"line":154,"column":5}},"69":{"start":{"line":151,"column":8},"end":{"line":153,"column":11}},"70":{"start":{"line":152,"column":12},"end":{"line":152,"column":85}},"71":{"start":{"line":165,"column":0},"end":{"line":174,"column":2}},"72":{"start":{"line":166,"column":4},"end":{"line":172,"column":5}},"73":{"start":{"line":167,"column":8},"end":{"line":167,"column":82}},"74":{"start":{"line":168,"column":8},"end":{"line":170,"column":10}},"75":{"start":{"line":171,"column":8},"end":{"line":171,"column":106}},"76":{"start":{"line":173,"column":4},"end":{"line":173,"column":49}},"77":{"start":{"line":176,"column":0},"end":{"line":176,"column":35}}},"branchMap":{"1":{"line":38,"type":"if","locations":[{"start":{"line":38,"column":4},"end":{"line":38,"column":4}},{"start":{"line":38,"column":4},"end":{"line":38,"column":4}}]},"2":{"line":40,"type":"if","locations":[{"start":{"line":40,"column":8},"end":{"line":40,"column":8}},{"start":{"line":40,"column":8},"end":{"line":40,"column":8}}]},"3":{"line":48,"type":"if","locations":[{"start":{"line":48,"column":8},"end":{"line":48,"column":8}},{"start":{"line":48,"column":8},"end":{"line":48,"column":8}}]},"4":{"line":48,"type":"binary-expr","locations":[{"start":{"line":48,"column":12},"end":{"line":48,"column":37}},{"start":{"line":48,"column":41},"end":{"line":48,"column":77}}]},"5":{"line":50,"type":"if","locations":[{"start":{"line":50,"column":12},"end":{"line":50,"column":12}},{"start":{"line":50,"column":12},"end":{"line":50,"column":12}}]},"6":{"line":67,"type":"if","locations":[{"start":{"line":67,"column":4},"end":{"line":67,"column":4}},{"start":{"line":67,"column":4},"end":{"line":67,"column":4}}]},"7":{"line":71,"type":"if","locations":[{"start":{"line":71,"column":4},"end":{"line":71,"column":4}},{"start":{"line":71,"column":4},"end":{"line":71,"column":4}}]},"8":{"line":79,"type":"binary-expr","locations":[{"start":{"line":79,"column":25},"end":{"line":79,"column":61}},{"start":{"line":79,"column":65},"end":{"line":79,"column":67}}]},"9":{"line":80,"type":"binary-expr","locations":[{"start":{"line":80,"column":26},"end":{"line":80,"column":59}},{"start":{"line":80,"column":63},"end":{"line":80,"column":65}}]},"10":{"line":81,"type":"if","locations":[{"start":{"line":81,"column":4},"end":{"line":81,"column":4}},{"start":{"line":81,"column":4},"end":{"line":81,"column":4}}]},"11":{"line":81,"type":"binary-expr","locations":[{"start":{"line":81,"column":8},"end":{"line":81,"column":30}},{"start":{"line":81,"column":34},"end":{"line":81,"column":57}}]},"12":{"line":93,"type":"if","locations":[{"start":{"line":93,"column":12},"end":{"line":93,"column":12}},{"start":{"line":93,"column":12},"end":{"line":93,"column":12}}]},"13":{"line":98,"type":"if","locations":[{"start":{"line":98,"column":12},"end":{"line":98,"column":12}},{"start":{"line":98,"column":12},"end":{"line":98,"column":12}}]},"14":{"line":101,"type":"if","locations":[{"start":{"line":101,"column":16},"end":{"line":101,"column":16}},{"start":{"line":101,"column":16},"end":{"line":101,"column":16}}]},"15":{"line":132,"type":"if","locations":[{"start":{"line":132,"column":8},"end":{"line":132,"column":8}},{"start":{"line":132,"column":8},"end":{"line":132,"column":8}}]},"16":{"line":132,"type":"binary-expr","locations":[{"start":{"line":132,"column":12},"end":{"line":132,"column":28}},{"start":{"line":132,"column":33},"end":{"line":132,"column":54}},{"start":{"line":132,"column":58},"end":{"line":132,"column":82}}]},"17":{"line":150,"type":"if","locations":[{"start":{"line":150,"column":4},"end":{"line":150,"column":4}},{"start":{"line":150,"column":4},"end":{"line":150,"column":4}}]},"18":{"line":166,"type":"if","locations":[{"start":{"line":166,"column":4},"end":{"line":166,"column":4}},{"start":{"line":166,"column":4},"end":{"line":166,"column":4}}]}},"code":["/**"," * Copyright 2014, Yahoo! Inc."," * Copyrights licensed under the New BSD License. See the accompanying LICENSE file for terms."," */","'use strict';","","var Action = require('./Action');","var DEFAULT = 'default';","var debug = require('debug')('Dispatchr:DispatcherContext');","","/**"," * @class Dispatcher"," * @param {Object} context The context to be used for store instances"," * @constructor"," */","function DispatcherContext (dispatcher, context) {","    this.context = context;","    this.dispatcher = dispatcher;","    this.storeInstances = {};","    this.currentAction = null;","    this.dispatcherInterface = {","        getContext: function getContext() { return context; },","        getStore: this.getStore.bind(this),","        waitFor: this.waitFor.bind(this)","    };","    this.rehydratedStoreState = {};","}","","/**"," * Returns a single store instance and creates one if it doesn't already exist"," * @method getStore"," * @param {String} name The name of the instance"," * @returns {Object} The store instance"," * @throws {Error} if store is not registered"," */","DispatcherContext.prototype.getStore = function getStore(name) {","    var storeName = this.dispatcher.getStoreName(name);","    if (!this.storeInstances[storeName]) {","        var Store = this.dispatcher.stores[storeName];","        if (!Store) {","            var message = 'Store ' + storeName + ' was not registered.';","            var meta = {","                storeName: storeName","            };","            return this.dispatcher._throwOrCallErrorHandler(message, 'STORE_UNREGISTERED', this.context, meta);","        }","        this.storeInstances[storeName] = new (this.dispatcher.stores[storeName])(this.dispatcherInterface);","        if (this.rehydratedStoreState && this.rehydratedStoreState[storeName]) {","            var state = this.rehydratedStoreState[storeName];","            if (this.storeInstances[storeName].rehydrate) {","                this.storeInstances[storeName].rehydrate(state);","            }","            this.rehydratedStoreState[storeName] = null;","        }","    }","    return this.storeInstances[storeName];","};","","/**"," * Dispatches a new action or throws if one is already in progress"," * @method dispatch"," * @param {String} actionName Name of the action to be dispatched"," * @param {Object} payload Parameters to describe the action"," * @throws {Error} if store has handler registered that does not exist"," */","DispatcherContext.prototype.dispatch = function dispatch(actionName, payload) {","    if (!actionName) {","        var message = 'actionName parameter `' + actionName + '` is invalid.';","        return this.dispatcher._throwOrCallErrorHandler(message, 'DISPATCH_INVALID_ACTIONNAME', this.context);","    }","    if (this.currentAction) {","        var message = 'Cannot call dispatch while another dispatch is executing. Attempted to execute \\'' + actionName + '\\' but \\'' + this.currentAction.name + '\\' is already executing.';","        var meta = {",
[...]
"21":{"start":{"line":56,"column":0},"end":{"line":69,"column":2}},"22":{"start":{"line":57,"column":4},"end":{"line":58,"column":46}},"23":{"start":{"line":59,"column":4},"end":{"line":61,"column":5}},"24":{"start":{"line":60,"column":8},"end":{"line":60,"column":88}},"25":{"start":{"line":62,"column":4},"end":{"line":64,"column":5}},"26":{"start":{"line":63,"column":8},"end":{"line":63,"column":15}},"27":{"start":{"line":65,"column":4},"end":{"line":65,"column":41}},"28":{"start":{"line":66,"column":4},"end":{"line":66,"column":48}},"29":{"start":{"line":67,"column":4},"end":{"line":67,"column":39}},"30":{"start":{"line":68,"column":4},"end":{"line":68,"column":40}},"31":{"start":{"line":79,"column":0},"end":{"line":97,"column":2}},"32":{"start":{"line":80,"column":4},"end":{"line":80,"column":20}},"33":{"start":{"line":81,"column":4},"end":{"line":83,"column":5}},"34":{"start":{"line":82,"column":8},"end":{"line":82,"column":89}},"35":{"start":{"line":84,"column":4},"end":{"line":86,"column":5}},"36":{"start":{"line":85,"column":8},"end":{"line":85,"column":26}},"37":{"start":{"line":88,"column":4},"end":{"line":88,"column":45}},"38":{"start":{"line":89,"column":4},"end":{"line":94,"column":7}},"39":{"start":{"line":90,"column":8},"end":{"line":90,"column":49}},"40":{"start":{"line":91,"column":8},"end":{"line":93,"column":9}},"41":{"start":{"line":92,"column":12},"end":{"line":92,"column":41}},"42":{"start":{"line":96,"column":4},"end":{"line":96,"column":15}},"43":{"start":{"line":99,"column":0},"end":{"line":99,"column":24}}},"branchMap":{"1":{"line":24,"type":"if","locations":[{"start":{"line":24,"column":4},"end":{"line":24,"column":4}},{"start":{"line":24,"column":4},"end":{"line":24,"column":4}}]},"2":{"line":37,"type":"if","locations":[{"start":{"line":37,"column":4},"end":{"line":37,"column":4}},{"start":{"line":37,"column":4},"end":{"line":37,"column":4}}]},"3":{"line":59,"type":"if","locations":[{"start":{"line":59,"column":4},"end":{"line":59,"column":4}},{"start":{"line":59,"column":4},"end":{"line":59,"column":4}}]},"4":{"line":62,"type":"if","locations":[{"start":{"line":62,"column":4},"end":{"line":62,"column":4}},{"start":{"line":62,"column":4},"end":{"line":62,"column":4}}]},"5":{"line":81,"type":"if","locations":[{"start":{"line":81,"column":4},"end":{"line":81,"column":4}},{"start":{"line":81,"column":4},"end":{"line":81,"column":4}}]},"6":{"line":84,"type":"if","locations":[{"start":{"line":84,"column":4},"end":{"line":84,"column":4}},{"start":{"line":84,"column":4},"end":{"line":84,"column":4}}]},"7":{"line":91,"type":"if","locations":[{"start":{"line":91,"column":8},"end":{"line":91,"column":8}},{"start":{"line":91,"column":8},"end":{"line":91,"column":8}}]}},"code":["/**"," * Copyright 2014, Yahoo! Inc."," * Copyrights licensed under the New BSD License. See the accompanying LICENSE file for terms."," */","'use strict';","var debug = require('debug')('Dispatchr:Action');","","function Action(name, payload) {","    this.name = name;","    this.payload = payload;","    this._handlers = null;","    this._isExecuting = false;","    this._isCompleted = null;","}","","/**"," * Gets a name from a store"," * @method getStoreName"," * @param {String|Object} store The store name or class from which to extract"," *      the name"," * @returns {String}"," */","Action.prototype.getStoreName = function getStoreName(store) {","    if ('string' === typeof store) {","        return store;","    }","    return store.storeName;","};","","/**"," * Executes all handlers for the action"," * @method execute"," * @param {Function[]} handlers A mapping of store names to handler function"," * @throws {Error} if action has already been executed"," */","Action.prototype.execute = function execute(handlers) {","    if (this._isExecuting) {","        throw new Error('Action is already dispatched');","    }","    var self = this;","    this._handlers = handlers;","    this._isExecuting = true;","    this._isCompleted = {};","    Object.keys(handlers).forEach(function handlersEach(storeName) {","        self._callHandler(storeName);","    });","};","","/**"," * Calls an individual store's handler function"," * @method _callHandler"," * @param {String} storeName"," * @private"," * @throws {Error} if handler does not exist for storeName"," */","Action.prototype._callHandler = function callHandler(storeName) {","    var self = this,","        handlerFn = self._handlers[storeName];","    if (!handlerFn) {","        throw new Error(storeName + ' does not have a handler for action ' + self.name);","    }","    if (self._isCompleted[storeName]) {","        return;","    }","    self._isCompleted[storeName] = false;","    debug('executing handler for ' + storeName);","    handlerFn(self.payload, self.name);","    self._isCompleted[storeName] = true;","};","","/**"," * Waits until all stores have finished handling an action and then calls"," * the callback"," * @method waitFor"," * @param {String|String[]|Constructor|Constructor[]} stores An array of stores as strings or constructors to wait for"," * @param {Function} callback Called after all stores have completed handling their actions"," * @throws {Error} if the action is not being executed"," */","Action.prototype.waitFor = function waitFor(stores, callback) {","    var self = this;","    if (!self._isExecuting) {","        throw new Error('waitFor called even though there is no action being executed!');","    }","    if (!Array.isArray(stores)) {","        stores = [stores];","    }","","    debug('waiting on ' + stores.join(', '));","    stores.forEach(function storesEach(storeName) {","        storeName = self.getStoreName(storeName);","        if (self._handlers[storeName]) {","            self._callHandler(storeName);","        }","    });","","    callback();","};","","module.exports = Action;",""],"l":{"6":1,"8":1,"9":0,"10":0,"11":0,"12":0,"13":0,"23":1,"24":0,"25":0,"27":0,"36":1,"37":0,"38":0,"40":0,"41":0,"42":0,"43":0,"44":0,"45":0,"56":1,"57":0,"59":0,"60":0,"62":0,"63":0,"65":0,"66":0,"67":0,"68":0,"79":1,"80":0,"81":0,"82":0,"84":0,"85":0,"88":0,"89":0,"90":0,"91":0,"92":0,"96":0,"99":1}},"/home/travis/build/npmtest/node-npmtest-dispatchr/node_modules/dispatchr/addons/BaseStore.js":{"path":"/home/travis/build/npmtest/node-npmtest-dispatchr/node_modules/dispatchr/addons/BaseStore.js","s":{"1":1,"2":1,"3":1,"4":1,"5":0,"6":0,"7":0,"8":0,"9":0,"10":1,"11":1,"12":0,"13":1,"14":0,"15":1,"16":0,"17":1,"18":0,"19":1,"20":0,"21":0,"22":1},"b":{"1":[0,0],"2":[0,0]},"f":{"1":0,"2":0,"3":0,"4":0,"5":0,"6":0},"fnMap":{"1":{"name":"BaseStore","line":17,"loc":{"start":{"line":17,"column":0},"end":{"line":17,"column":31}}},"2":{"name":"getContext","line":33,"loc":{"start":{"line":33,"column":33},"end":{"line":33,"column":55}}},"3":{"name":"addChangeListener","line":42,"loc":{"start":{"line":42,"column":40},"end":{"line":42,"column":77}}},"4":{"name":"removeChangeListener","line":51,"loc":{"start":{"line":51,"column":43},"end":{"line":51,"column":83}}},"5":{"name":"shouldDehydrate","line":62,"loc":{"start":{"line":62,"column":38},"end":{"line":62,"column":65}}},"6":{"name":"emitChange","line":71,"loc":{"start":{"line":71,"column":33},"end":{"line":71,"column":60}}}},"statementMap":{"1":{"start":{"line":7,"column":0},"end":{"line":7,"column":35}},"2":{"start":{"line":8,"column":0},"end":{"line":8,"column":44}},"3":{"start":{"line":9,"column":0},"end":{"line":9,"column":28}},"4":{"start":{"line":17,"column":0},"end":{"line":24,"column":1}},"5":{"start":{"line":18,"column":4},"end":{"line":18,"column":33}},"6":{"start":{"line":19,"column":4},"end":{"line":19,"column":29}},"7":{"start":{"line":20,"column":4},"end":{"line":20,"column":28}},"8":{"start":{"line":21,"column":4},"end":{"line":23,"column":5}},"9":{"start":{"line":22,"column":8},"end":{"line":22,"column":26}},"10":{"start":{"line":26,"column":0},"end":{"line":26,"column":34}},"11":{"start":{"line":33,"column":0},"end":{"line":35,"column":2}},"12":{"start":{"line":34,"column":4},"end":{"line":34,"column":40}},"13":{"start":{"line":42,"column":0},"end":{"line":44,"column":2}},"14":{"start":{"line":43,"column":4},"end":{"line":43,"column":36}},"15":{"start":{"line":51,"column":0},"end":{"line":53,"column":2}},"16":{"start":{"line":52,"column":4},"end":{"line":52,"column":48}},"17":{"start":{"line":62,"column":0},"end":{"line":64,"column":2}},"18":{"start":{"line":63,"column":4},"end":{"line":63,"column":28}},"19":{"start":{"line":71,"column":0},"end":{"line":74,"column":2}},"20":{"start":{"line":72,"column":4},"end":{"line":72,"column":28}},"21":{"start":{"line":73,"column":4},"end":{"line":73,"column":43}},"22":{"start":{"line":76,"column":0},"end":{"line":76,"column":27}}},"branchMap":{"1":{"line":21,"type":"if","locations":[{"start":{"line":21,"column":4},"end":{"line":21,"column":4}},{"start":{"line":21,"column":4},"end":{"line":21,"column":4}}]},"2":{"line":73,"type":"binary-expr","locations":[{"start":{"line":73,"column":28},"end":{"line":73,"column":33}},{"start":{"line":73,"column":37},"end":{"line":73,"column":41}}]}},"code":["/**"," * Copyright 2014, Yahoo! Inc."," * Copyrights licensed under the New BSD License. See the accompanying LICENSE file for terms."," */","'use strict';","","var inherits = require('inherits');","var EventEmitter = require('eventemitter3');","var CHANGE_EVENT = 'change';","","/**"," * @class BaseStore"," * @extends EventEmitter"," * @param dispatcher The dispatcher interface"," * @constructor"," */","function BaseStore(dispatcher) {","    this.dispatcher = dispatcher;","    this._hasChanged = false;","    EventEmitter.call(this);","    if (this.initialize) {","        this.initialize();","    }","}","","inherits(BaseStore, EventEmitter);","","/**"," * Convenience method for getting the store context object."," * @method getContext"," * @return {Object} Returns the store context object."," */","BaseStore.prototype.getContext = function getContext() {","    return this.dispatcher.getContext();","};","","/**"," * Add a listener for the change event"," * @method addChangeListener"," * @param {Function} callback"," */","BaseStore.prototype.addChangeListener = function addChangeListener(callback) {","    this.on(CHANGE_EVENT, callback);","};","","/**"," * Remove a listener for the change event"," * @method removeChangeListener"," * @param {Function} callback"," */","BaseStore.prototype.removeChangeListener = function removeChangeListener(callback) {","    this.removeListener(CHANGE_EVENT, callback);","};","","/**"," * Determines whether the store should dehydrate or not. By default, only dehydrates"," * if the store has emitted an update event. If no update has been emitted, it is assumed"," * that the store is in its default state and therefore does not need to dehydrate."," * @method shouldDehydrate"," * @returns {boolean}"," */","BaseStore.prototype.shouldDehydrate = function shouldDehydrate() {","    return this._hasChanged;","};","","/**"," * Emit a change event"," * @method emitChange"," * @param {*} param=this"," */","BaseStore.prototype.emitChange = function emitChange(param) {","    this._hasChanged = true;","    this.emit(CHANGE_EVENT, param || this);","};","","module.exports = BaseStore;",""],"l":{"7":1,"8":1,"9":1,"17":1,"18":0,"19":0,"20":0,"21":0,"22":0,"26":1,"33":1,"34":0,"42":1,"43":0,"51":1,"52":0,"62":1,"63":0,"71":1,"72":0,"73":0,"76":1}},"/home/travis/build/npmtest/node-npmtest-dispatchr/node_modules/dispatchr/addons/createStore.js":{"path":"/home/travis/build/npmtest/node-npmtest-dispatchr/node_modules/dispatchr/addons/createStore.js","s":{"1":1,"2":1,"3":1,"4":1,"5":0,"6":0,"7":0,"8":1,"9":0,"10":0,"11":0,"12":0,"13":0,"14":0,"15":0,"16":0,"17":0,"18":0,"19":1,"20":0,"21":0,"22":0,"23":0,"24":0,"25":0,"26":0,"27":0,"28":0,"29":0,"30":0,"31":0,"32":0,"33":0,"34":0,"35":0},"b":{"1":[0,0],"2":[0,0],"3":[0,0],"4":[0,0],"5":[0,0],"6":[0,0],"7":[0,0],"8":[0,0],"9":[0,0],"10":[0,0],"11":[0,0]},"f":{"1":0,"2":0,"3":0,"4":0,"5":0,"6":0,"7":0,"8":0},"fnMap":{"1":{"name":"createChainedFunction","line":11,"loc":{"start":{"line":11,"column":0},"end":{"line":11,"column":41}}},"2":{"name":"chainedFunction","line":12,"loc":{"start":{"line":12,"column":11},"end":{"line":12,"column":38}}},"3":{"name":"mixInto","line":18,"loc":{"start":{"line":18,"column":0},"end":{"line":18,"column":28}}},"4":{"name":"(anonymous_4)","line":19,"loc":{"start":{"line":19,"column":29},"end":{"line":19,"column":45}}},"5":{"name":"createStore","line":48,"loc":{"start":{"line":48,"column":17},"end":{"line":48,"column":44}}},"6":{"name":"(anonymous_6)","line":53,"loc":{"start":{"line":53,"column":16},"end":{"line":53,"column":38}}},"7":{"name":"(anonymous_7)","line":59,"loc":{"start":{"line":59,"column":38},"end":{"line":59,"column":54}}},"8":{"name":"(anonymous_8)","line":68,"loc":{"start":{"line":68,"column":29},"end":{"line":68,"column":45}}}},"statementMap":{"1":{"start":{"line":7,"column":0},"end":{"line":7,"column":35}},"2":{"start":{"line":8,"column":0},"end":{"line":8,"column":39}},"3":{"start":{"line":9,"column":0},"end":{"line":9,"column":73}},"4":{"start":{"line":11,"column":0},"end":{"line":16,"column":1}},"5":{"start":{"line":12,"column":4},"end":{"line":15,"column":6}},"6":{"start":{"line":13,"column":8},"end":{"line":13,"column":35}},"7":{"start":{"line":14,"column":8},"end":{"line":14,"column":35}},"8":{"start":{"line":18,"column":0},"end":{"line":36,"column":1}},"9":{"start":{"line":19,"column":4},"end":{"line":35,"column":7}},"10":{"start":{"line":20,"column":8},"end":{"line":22,"column":9}},"11":{"start":{"line":21,"column":12},"end":{"line":21,"column":19}},"12":{"start":{"line":23,"column":8},"end":{"line":34,"column":9}},"13":{"start":{"line":24,"column":12},"end":{"line":28,"column":13}},"14":{"start":{"line":25,"column":16},"end":{"line":25,"column":39}},"15":{"start":{"line":27,"column":16},"end":{"line":27,"column":74}},"16":{"start":{"line":30,"column":12},"end":{"line":32,"column":13}},"17":{"start":{"line":31,"column":16},"end":{"line":31,"column":88}},"18":{"start":{"line":33,"column":12},"end":{"line":33,"column":35}},"19":{"start":{"line":48,"column":0},"end":{"line":75,"column":2}},"20":{"start":{"line":49,"column":4},"end":{"line":49,"column":38}},"21":{"start":{"line":50,"column":4},"end":{"line":52,"column":5}},"22":{"start":{"line":51,"column":8},"end":{"line":51,"column":66}},"23":{"start":{"line":53,"column":4},"end":{"line":55,"column":6}},"24":{"start":{"line":54,"column":8},"end":{"line":54,"column":41}},"25":{"start":{"line":57,"column":4},"end":{"line":57,"column":31}},"26":{"start":{"line":59,"column":4},"end":{"line":61,"column":7}},"27":{"start":{"line":60,"column":8},"end":{"line":60,"column":41}},"28":{"start":{"line":63,"column":4},"end":{"line":63,"column":56}},"29":{"start":{"line":64,"column":4},"end":{"line":64,"column":53}},"30":{"start":{"line":65,"column":4},"end":{"line":65,"column":47}},"31":{"start":{"line":67,"column":4},"end":{"line":71,"column":5}},"32":{"start":{"line":68,"column":8},"end":{"line":70,"column":11}},"33":{"start":{"line":69,"column":12},"end":{"line":69,"column":44}},"34":{"start":{"line":72,"column":4},"end":{"line":72,"column":35}},"35":{"start":{"line":74,"column":4},"end":{"line":74,"column":17}}},"branchMap":{"1":{"line":20,"type":"if","locations":[{"start":{"line":20,"column":8},"end":{"line":20,"column":8}},{"start":{"line":20,"column":8},"end":{"line":20,"column":8}}]},"2":{"line":23,"type":"if","locations":[{"start":{"line":23,"column":8},"end":{"line":23,"column":8}},{"start":{"line":23,"column":8},"end":{"line":23,"column":8}}]},"3":{"line":24,"type":"if","locations":[{"start":{"line":24,"column":12},"end":{"line":24,"column":12}},{"start":{"line":24,"column":12},"end":{"line":24,"column":12}}]},"4":{"line":30,"type":"if","locations":[{"start":{"line":30,"column":12},"end":{"line":30,"column":12}},{"start":{"line":30,"column":12},"end":{"line":30,"column":12}}]},"5":{"line":49,"type":"binary-expr","locations":[{"start":{"line":49,"column":19},"end":{"line":49,"column":31}},{"start":{"line":49,"column":35},"end":{"line":49,"column":37}}]},"6":{"line":50,"type":"if","locations":[{"start":{"line":50,"column":4},"end":{"line":50,"column":4}},{"start":{"line":50,"column":4},"end":{"line":50,"column":4}}]},"7":{"line":50,"type":"binary-expr","locations":[{"start":{"line":50,"column":8},"end":{"line":50,"column":23}},{"start":{"line":50,"column":27},"end":{"line":50,"column":50}}]},"8":{"line":63,"type":"binary-expr","locations":[{"start":{"line":63,"column":22},"end":{"line":63,"column":36}},{"start":{"line":63,"column":40},"end":{"line":63,"column":55}}]},"9":{"line":64,"type":"binary-expr","locations":[{"start":{"line":64,"column":21},"end":{"line":64,"column":34}},{"start":{"line":64,"column":38},"end":{"line":64,"column":52}}]},"10":{"line":65,"type":"binary-expr","locations":[{"start":{"line":65,"column":19},"end":{"line":65,"column":30}},{"start":{"line":65,"column":34},"end":{"line":65,"column":46}}]},"11":{"line":67,"type":"if","locations":[{"start":{"line":67,"column":4},"end":{"line":67,"column":4}},{"start":{"line":67,"column":4},"end":{"line":67,"column":4}}]}},"code":["/**"," * Copyright 2014, Yahoo! Inc."," * Copyrights licensed under the New BSD License. See the accompanying LICENSE file for terms."," */","'use strict';","","var inherits = require('inherits');","var BaseStore = require('./BaseStore');","var IGNORE_ON_PROTOTYPE = ['statics', 'storeName', 'handlers', 'mixins'];","","function createChainedFunction(one, two) {","    return function chainedFunction() {","        one.apply(this, arguments);","        two.apply(this, arguments);","    };","}","","function mixInto(dest, src) {","    Object.keys(src).forEach(function (prop) {","        if (-1 !== IGNORE_ON_PROTOTYPE.indexOf(prop)) {","            return;","        }","        if ('initialize' === prop) {","            if (!dest[prop]) {","                dest[prop] = src[prop];","            } else {","                dest[prop] = createChainedFunction(dest[prop], src[prop]);","            }","        } else {","            if (dest.hasOwnProperty(prop)) {","                throw new Error('Mixin property collision for property \"' + prop + '\"');","            }","            dest[prop] = src[prop];","        }","    });","}","","/**"," * Helper for creating a store class"," * @method createStore"," * @param {Object} spec"," * @param {String} spec.storeName The name of the store"," * @param {Object} spec.handlers Hash of action name to method name of action handlers"," * @param {Function} spec.initialize Function called during construction for setting the default state"," * @param {Function} spec.dehydrate Function that returns serializable data to send to the client"," * @param {Function} spec.rehydrate Function that takes in serializable data to rehydrate the store"," */","module.exports = function createStore(spec) {","    spec.statics = spec.statics || {};","    if (!spec.storeName && !spec.statics.storeName) {","        throw new Error('createStore called without a storeName');","    }","    var Store = function (dispatcher) {","        BaseStore.call(this, dispatcher);","    };","","    inherits(Store, BaseStore);","","    Object.keys(spec.statics).forEach(function (prop) {","        Store[prop] = spec.statics[prop];","    });","","    Store.storeName = spec.storeName || Store.storeName;","    Store.handlers = spec.handlers || Store.handlers;","    Store.mixins = spec.mixins || Store.mixins;","","    if (Store.mixins) {","        Store.mixins.forEach(function(mixin) {","            mixInto(Store.prototype, mixin);","        });","    }","    mixInto(Store.prototype, spec);","","    return Store;","};",""],"l":{"7":1,"8":1,"9":1,"11":1,"12":0,"13":0,"14":0,"18":1,"19":0,"20":0,"21":0,"23":0,"24":0,"25":0,"27":0,"30":0,"31":0,"33":0,"48":1,"49":0,"50":0,"51":0,"53":0,"54":0,"57":0,"59":0,"60":0,"63":0,"64":0,"65":0,"67":0,"68":0,"69":0,"72":0,"74":0}}}